2025-01-02 01:16:37,914 - INFO - TRAIN phase
2025-01-02 01:16:39,735 - INFO - Epoch 0 - TRAIN - Batch 0 - Loss = 0.715 | AUROC = 0.56
2025-01-02 01:16:45,989 - INFO - Epoch 0 - TRAIN - Batch 10 - Loss = 0.344 | AUROC = 0.562
2025-01-02 01:16:52,502 - INFO - Epoch 0 - TRAIN - Batch 20 - Loss = 0.318 | AUROC = 0.609
2025-01-02 01:16:58,766 - INFO - Epoch 0 - TRAIN - Batch 30 - Loss = 0.312 | AUROC = 0.648
2025-01-02 01:17:05,870 - INFO - Epoch 0 - TRAIN - Batch 40 - Loss = 0.321 | AUROC = 0.617
2025-01-02 01:17:12,288 - INFO - Epoch 0 - TRAIN - Batch 50 - Loss = 0.29 | AUROC = 0.616
2025-01-02 01:17:18,879 - INFO - Epoch 0 - TRAIN - Batch 60 - Loss = 0.287 | AUROC = 0.67
2025-01-02 01:17:24,992 - INFO - Epoch 0 - TRAIN - Batch 70 - Loss = 0.282 | AUROC = 0.721
2025-01-02 01:17:31,152 - INFO - Epoch 0 - TRAIN - Batch 80 - Loss = 0.27 | AUROC = 0.68
2025-01-02 01:17:37,285 - INFO - Epoch 0 - TRAIN - Batch 90 - Loss = 0.276 | AUROC = 0.576
2025-01-02 01:17:43,474 - INFO - Epoch 0 - TRAIN - Batch 100 - Loss = 0.297 | AUROC = 0.707
2025-01-02 01:17:49,708 - INFO - Epoch 0 - TRAIN - Batch 110 - Loss = 0.298 | AUROC = 0.682
2025-01-02 01:17:55,856 - INFO - Epoch 0 - TRAIN - Batch 120 - Loss = 0.307 | AUROC = 0.685
2025-01-02 01:18:02,064 - INFO - Epoch 0 - TRAIN - Batch 130 - Loss = 0.289 | AUROC = 0.616
2025-01-02 01:18:08,265 - INFO - Epoch 0 - TRAIN - Batch 140 - Loss = 0.253 | AUROC = 0.717
2025-01-02 01:18:14,330 - INFO - Epoch 0 - TRAIN - Batch 150 - Loss = 0.288 | AUROC = 0.65
2025-01-02 01:18:20,441 - INFO - Epoch 0 - TRAIN - Batch 160 - Loss = 0.265 | AUROC = 0.678
2025-01-02 01:18:26,526 - INFO - Epoch 0 - TRAIN - Batch 170 - Loss = 0.258 | AUROC = 0.722
2025-01-02 01:18:32,706 - INFO - Epoch 0 - TRAIN - Batch 180 - Loss = 0.29 | AUROC = 0.604
2025-01-02 01:18:38,847 - INFO - Epoch 0 - TRAIN - Batch 190 - Loss = 0.29 | AUROC = 0.561
2025-01-02 01:18:44,890 - INFO - Epoch 0 - TRAIN - Batch 200 - Loss = 0.299 | AUROC = 0.679
2025-01-02 01:18:51,063 - INFO - Epoch 0 - TRAIN - Batch 210 - Loss = 0.291 | AUROC = 0.792
2025-01-02 01:18:57,139 - INFO - Epoch 0 - TRAIN - Batch 220 - Loss = 0.275 | AUROC = 0.729
2025-01-02 01:19:03,299 - INFO - Epoch 0 - TRAIN - Batch 230 - Loss = 0.276 | AUROC = 0.712
2025-01-02 01:19:09,365 - INFO - Epoch 0 - TRAIN - Batch 240 - Loss = 0.334 | AUROC = 0.669
2025-01-02 01:19:15,506 - INFO - Epoch 0 - TRAIN - Batch 250 - Loss = 0.283 | AUROC = 0.707
2025-01-02 01:19:21,694 - INFO - Epoch 0 - TRAIN - Batch 260 - Loss = 0.289 | AUROC = 0.697
2025-01-02 01:19:27,867 - INFO - Epoch 0 - TRAIN - Batch 270 - Loss = 0.304 | AUROC = 0.608
2025-01-02 01:19:33,916 - INFO - Epoch 0 - TRAIN - Batch 280 - Loss = 0.277 | AUROC = 0.691
2025-01-02 01:19:39,933 - INFO - Epoch 0 - TRAIN - Batch 290 - Loss = 0.296 | AUROC = 0.74
2025-01-02 01:19:46,023 - INFO - Epoch 0 - TRAIN - Batch 300 - Loss = 0.272 | AUROC = 0.779
2025-01-02 01:19:52,174 - INFO - Epoch 0 - TRAIN - Batch 310 - Loss = 0.266 | AUROC = 0.74
2025-01-02 01:19:58,291 - INFO - Epoch 0 - TRAIN - Batch 320 - Loss = 0.288 | AUROC = 0.692
2025-01-02 01:20:04,305 - INFO - Epoch 0 - TRAIN - Batch 330 - Loss = 0.289 | AUROC = 0.629
2025-01-02 01:20:10,427 - INFO - Epoch 0 - TRAIN - Batch 340 - Loss = 0.299 | AUROC = 0.726
2025-01-02 01:20:16,460 - INFO - Epoch 0 - TRAIN - Batch 350 - Loss = 0.295 | AUROC = 0.698
2025-01-02 01:20:22,603 - INFO - Epoch 0 - TRAIN - Batch 360 - Loss = 0.278 | AUROC = 0.745
2025-01-02 01:20:28,715 - INFO - Epoch 0 - TRAIN - Batch 370 - Loss = 0.298 | AUROC = 0.655
2025-01-02 01:20:34,777 - INFO - Epoch 0 - TRAIN - Batch 380 - Loss = 0.256 | AUROC = 0.75
2025-01-02 01:20:40,943 - INFO - Epoch 0 - TRAIN - Batch 390 - Loss = 0.279 | AUROC = 0.733
2025-01-02 01:20:47,042 - INFO - Epoch 0 - TRAIN - Batch 400 - Loss = 0.303 | AUROC = 0.713
2025-01-02 01:20:53,161 - INFO - Epoch 0 - TRAIN - Batch 410 - Loss = 0.267 | AUROC = 0.701
2025-01-02 01:20:59,318 - INFO - Epoch 0 - TRAIN - Batch 420 - Loss = 0.301 | AUROC = 0.665
2025-01-02 01:21:05,352 - INFO - Epoch 0 - TRAIN - Batch 430 - Loss = 0.244 | AUROC = 0.789
2025-01-02 01:21:11,463 - INFO - Epoch 0 - TRAIN - Batch 440 - Loss = 0.256 | AUROC = 0.741
2025-01-02 01:21:17,515 - INFO - Epoch 0 - TRAIN - Batch 450 - Loss = 0.267 | AUROC = 0.719
2025-01-02 01:21:23,628 - INFO - Epoch 0 - TRAIN - Batch 460 - Loss = 0.263 | AUROC = 0.731
2025-01-02 01:21:29,754 - INFO - Epoch 0 - TRAIN - Batch 470 - Loss = 0.244 | AUROC = 0.713
2025-01-02 01:21:35,777 - INFO - Epoch 0 - TRAIN - Batch 480 - Loss = 0.298 | AUROC = 0.638
2025-01-02 01:21:41,932 - INFO - Epoch 0 - TRAIN - Batch 490 - Loss = 0.303 | AUROC = 0.706
2025-01-02 01:21:48,097 - INFO - Epoch 0 - TRAIN - Batch 500 - Loss = 0.284 | AUROC = 0.697
2025-01-02 01:21:54,143 - INFO - Epoch 0 - TRAIN - Batch 510 - Loss = 0.248 | AUROC = 0.721
2025-01-02 01:21:58,140 - INFO - VAL phase
2025-01-02 01:21:58,479 - INFO - Epoch 0 - VAL - Batch 0 - Loss = 0.249 | AUROC = 0.817
2025-01-02 01:22:00,842 - INFO - Epoch 0 - VAL - Batch 10 - Loss = 0.293 | AUROC = 0.694
2025-01-02 01:22:03,406 - INFO - Epoch 0 - VAL - Batch 20 - Loss = 0.273 | AUROC = 0.657
2025-01-02 01:22:06,070 - INFO - Epoch 0 - VAL - Batch 30 - Loss = 0.262 | AUROC = 0.659
2025-01-02 01:22:08,882 - INFO - Epoch 0 - VAL - Batch 40 - Loss = 0.229 | AUROC = 0.781
2025-01-02 01:22:11,582 - INFO - Epoch 0 - VAL - Batch 50 - Loss = 0.294 | AUROC = 0.752
2025-01-02 01:22:14,298 - INFO - Epoch 0 - VAL - Batch 60 - Loss = 0.267 | AUROC = 0.765
2025-01-02 01:22:16,995 - INFO - Epoch 0 - VAL - Batch 70 - Loss = 0.286 | AUROC = 0.71
2025-01-02 01:22:19,787 - INFO - Epoch 0 - VAL - Batch 80 - Loss = 0.245 | AUROC = 0.83
2025-01-02 01:22:22,485 - INFO - Epoch 0 - VAL - Batch 90 - Loss = 0.302 | AUROC = 0.652
2025-01-02 01:22:25,175 - INFO - Epoch 0 - VAL - Batch 100 - Loss = 0.278 | AUROC = 0.69
2025-01-02 01:22:27,941 - INFO - Epoch 0 - VAL - Batch 110 - Loss = 0.292 | AUROC = 0.755
2025-01-02 01:22:30,649 - INFO - Epoch 0 - VAL - Batch 120 - Loss = 0.289 | AUROC = 0.681
2025-01-02 01:22:33,346 - INFO - Epoch 0 - VAL - Batch 130 - Loss = 0.293 | AUROC = 0.687
2025-01-02 01:22:36,013 - INFO - Epoch 0 - VAL - Batch 140 - Loss = 0.283 | AUROC = 0.63
2025-01-02 01:22:38,745 - INFO - Epoch 0 - VAL - Batch 150 - Loss = 0.278 | AUROC = 0.679
2025-01-02 01:22:41,453 - INFO - Epoch 0 - VAL - Batch 160 - Loss = 0.26 | AUROC = 0.735
2025-01-02 01:22:44,129 - INFO - Epoch 0 - VAL - Batch 170 - Loss = 0.27 | AUROC = 0.725
2025-01-02 01:22:46,830 - INFO - Epoch 0 - VAL - Batch 180 - Loss = 0.301 | AUROC = 0.722
2025-01-02 01:22:49,563 - INFO - Epoch 0 - VAL - Batch 190 - Loss = 0.327 | AUROC = 0.704
2025-01-02 01:22:52,310 - INFO - Epoch 0 - VAL - Batch 200 - Loss = 0.287 | AUROC = 0.694
2025-01-02 01:22:55,037 - INFO - Epoch 0 - VAL - Batch 210 - Loss = 0.296 | AUROC = 0.651
2025-01-02 01:22:57,840 - INFO - Epoch 0 - VAL - Batch 220 - Loss = 0.304 | AUROC = 0.677
2025-01-02 01:23:00,540 - INFO - Epoch 0 - VAL - Batch 230 - Loss = 0.321 | AUROC = 0.699
2025-01-02 01:23:03,242 - INFO - Epoch 0 - VAL - Batch 240 - Loss = 0.273 | AUROC = 0.655
2025-01-02 01:23:05,942 - INFO - Epoch 0 - VAL - Batch 250 - Loss = 0.305 | AUROC = 0.659
2025-01-02 01:23:08,237 - INFO - TRAIN phase
2025-01-02 01:23:08,782 - INFO - Epoch 1 - TRAIN - Batch 0 - Loss = 0.306 | AUROC = 0.711
2025-01-02 01:23:12,252 - INFO - Epoch 1 - TRAIN - Batch 10 - Loss = 0.274 | AUROC = 0.735
2025-01-02 01:23:15,718 - INFO - Epoch 1 - TRAIN - Batch 20 - Loss = 0.277 | AUROC = 0.735
2025-01-02 01:23:19,188 - INFO - Epoch 1 - TRAIN - Batch 30 - Loss = 0.29 | AUROC = 0.761
2025-01-02 01:23:22,655 - INFO - Epoch 1 - TRAIN - Batch 40 - Loss = 0.279 | AUROC = 0.712
2025-01-02 01:23:26,139 - INFO - Epoch 1 - TRAIN - Batch 50 - Loss = 0.307 | AUROC = 0.703
2025-01-02 01:23:29,604 - INFO - Epoch 1 - TRAIN - Batch 60 - Loss = 0.316 | AUROC = 0.658
2025-01-02 01:23:33,092 - INFO - Epoch 1 - TRAIN - Batch 70 - Loss = 0.267 | AUROC = 0.734
2025-01-02 01:23:36,589 - INFO - Epoch 1 - TRAIN - Batch 80 - Loss = 0.257 | AUROC = 0.776
2025-01-02 01:23:40,079 - INFO - Epoch 1 - TRAIN - Batch 90 - Loss = 0.277 | AUROC = 0.763
2025-01-02 01:23:43,555 - INFO - Epoch 1 - TRAIN - Batch 100 - Loss = 0.273 | AUROC = 0.711
2025-01-02 01:23:47,038 - INFO - Epoch 1 - TRAIN - Batch 110 - Loss = 0.259 | AUROC = 0.755
2025-01-02 01:23:50,515 - INFO - Epoch 1 - TRAIN - Batch 120 - Loss = 0.293 | AUROC = 0.765
2025-01-02 01:23:54,008 - INFO - Epoch 1 - TRAIN - Batch 130 - Loss = 0.268 | AUROC = 0.698
2025-01-02 01:23:57,497 - INFO - Epoch 1 - TRAIN - Batch 140 - Loss = 0.271 | AUROC = 0.725
2025-01-02 01:24:00,989 - INFO - Epoch 1 - TRAIN - Batch 150 - Loss = 0.291 | AUROC = 0.7
2025-01-02 01:24:04,466 - INFO - Epoch 1 - TRAIN - Batch 160 - Loss = 0.292 | AUROC = 0.79
2025-01-02 01:24:07,948 - INFO - Epoch 1 - TRAIN - Batch 170 - Loss = 0.284 | AUROC = 0.687
2025-01-02 01:24:11,435 - INFO - Epoch 1 - TRAIN - Batch 180 - Loss = 0.278 | AUROC = 0.702
2025-01-02 01:24:14,917 - INFO - Epoch 1 - TRAIN - Batch 190 - Loss = 0.28 | AUROC = 0.743
2025-01-02 01:24:18,403 - INFO - Epoch 1 - TRAIN - Batch 200 - Loss = 0.279 | AUROC = 0.731
2025-01-02 01:24:21,881 - INFO - Epoch 1 - TRAIN - Batch 210 - Loss = 0.26 | AUROC = 0.725
2025-01-02 01:24:25,370 - INFO - Epoch 1 - TRAIN - Batch 220 - Loss = 0.248 | AUROC = 0.707
2025-01-02 01:24:28,842 - INFO - Epoch 1 - TRAIN - Batch 230 - Loss = 0.293 | AUROC = 0.729
2025-01-02 01:24:32,319 - INFO - Epoch 1 - TRAIN - Batch 240 - Loss = 0.255 | AUROC = 0.743
2025-01-02 01:24:35,808 - INFO - Epoch 1 - TRAIN - Batch 250 - Loss = 0.295 | AUROC = 0.733
2025-01-02 01:24:39,296 - INFO - Epoch 1 - TRAIN - Batch 260 - Loss = 0.248 | AUROC = 0.719
2025-01-02 01:24:42,783 - INFO - Epoch 1 - TRAIN - Batch 270 - Loss = 0.262 | AUROC = 0.76
2025-01-02 01:24:46,272 - INFO - Epoch 1 - TRAIN - Batch 280 - Loss = 0.265 | AUROC = 0.753
2025-01-02 01:24:49,760 - INFO - Epoch 1 - TRAIN - Batch 290 - Loss = 0.3 | AUROC = 0.735
2025-01-02 01:24:53,250 - INFO - Epoch 1 - TRAIN - Batch 300 - Loss = 0.28 | AUROC = 0.713
2025-01-02 01:24:56,737 - INFO - Epoch 1 - TRAIN - Batch 310 - Loss = 0.283 | AUROC = 0.728
2025-01-02 01:25:00,219 - INFO - Epoch 1 - TRAIN - Batch 320 - Loss = 0.265 | AUROC = 0.761
2025-01-02 01:25:03,723 - INFO - Epoch 1 - TRAIN - Batch 330 - Loss = 0.261 | AUROC = 0.758
2025-01-02 01:25:07,227 - INFO - Epoch 1 - TRAIN - Batch 340 - Loss = 0.262 | AUROC = 0.681
2025-01-02 01:25:10,721 - INFO - Epoch 1 - TRAIN - Batch 350 - Loss = 0.249 | AUROC = 0.776
2025-01-02 01:25:14,213 - INFO - Epoch 1 - TRAIN - Batch 360 - Loss = 0.27 | AUROC = 0.735
2025-01-02 01:25:17,685 - INFO - Epoch 1 - TRAIN - Batch 370 - Loss = 0.278 | AUROC = 0.723
2025-01-02 01:25:21,162 - INFO - Epoch 1 - TRAIN - Batch 380 - Loss = 0.267 | AUROC = 0.723
2025-01-02 01:25:24,657 - INFO - Epoch 1 - TRAIN - Batch 390 - Loss = 0.26 | AUROC = 0.723
2025-01-02 01:25:28,137 - INFO - Epoch 1 - TRAIN - Batch 400 - Loss = 0.237 | AUROC = 0.667
2025-01-02 01:25:31,620 - INFO - Epoch 1 - TRAIN - Batch 410 - Loss = 0.269 | AUROC = 0.77
2025-01-02 01:25:35,105 - INFO - Epoch 1 - TRAIN - Batch 420 - Loss = 0.28 | AUROC = 0.698
2025-01-02 01:25:38,589 - INFO - Epoch 1 - TRAIN - Batch 430 - Loss = 0.235 | AUROC = 0.77
2025-01-02 01:25:42,075 - INFO - Epoch 1 - TRAIN - Batch 440 - Loss = 0.266 | AUROC = 0.75
2025-01-02 01:25:45,556 - INFO - Epoch 1 - TRAIN - Batch 450 - Loss = 0.3 | AUROC = 0.718
2025-01-02 01:25:49,037 - INFO - Epoch 1 - TRAIN - Batch 460 - Loss = 0.26 | AUROC = 0.731
2025-01-02 01:25:52,513 - INFO - Epoch 1 - TRAIN - Batch 470 - Loss = 0.301 | AUROC = 0.669
2025-01-02 01:25:55,998 - INFO - Epoch 1 - TRAIN - Batch 480 - Loss = 0.284 | AUROC = 0.733
2025-01-02 01:25:59,475 - INFO - Epoch 1 - TRAIN - Batch 490 - Loss = 0.288 | AUROC = 0.738
2025-01-02 01:26:02,955 - INFO - Epoch 1 - TRAIN - Batch 500 - Loss = 0.26 | AUROC = 0.732
2025-01-02 01:26:06,436 - INFO - Epoch 1 - TRAIN - Batch 510 - Loss = 0.296 | AUROC = 0.654
2025-01-02 01:26:08,606 - INFO - VAL phase
2025-01-02 01:26:08,718 - INFO - Epoch 1 - VAL - Batch 0 - Loss = 0.247 | AUROC = 0.807
2025-01-02 01:26:09,696 - INFO - Epoch 1 - VAL - Batch 10 - Loss = 0.305 | AUROC = 0.712
2025-01-02 01:26:10,681 - INFO - Epoch 1 - VAL - Batch 20 - Loss = 0.264 | AUROC = 0.73
2025-01-02 01:26:11,677 - INFO - Epoch 1 - VAL - Batch 30 - Loss = 0.252 | AUROC = 0.757
2025-01-02 01:26:12,672 - INFO - Epoch 1 - VAL - Batch 40 - Loss = 0.218 | AUROC = 0.788
2025-01-02 01:26:13,739 - INFO - Epoch 1 - VAL - Batch 50 - Loss = 0.296 | AUROC = 0.682
2025-01-02 01:26:14,757 - INFO - Epoch 1 - VAL - Batch 60 - Loss = 0.274 | AUROC = 0.803
2025-01-02 01:26:15,743 - INFO - Epoch 1 - VAL - Batch 70 - Loss = 0.272 | AUROC = 0.706
2025-01-02 01:26:16,751 - INFO - Epoch 1 - VAL - Batch 80 - Loss = 0.256 | AUROC = 0.813
2025-01-02 01:26:17,734 - INFO - Epoch 1 - VAL - Batch 90 - Loss = 0.275 | AUROC = 0.73
2025-01-02 01:26:18,748 - INFO - Epoch 1 - VAL - Batch 100 - Loss = 0.244 | AUROC = 0.773
2025-01-02 01:26:19,730 - INFO - Epoch 1 - VAL - Batch 110 - Loss = 0.299 | AUROC = 0.687
2025-01-02 01:26:20,785 - INFO - Epoch 1 - VAL - Batch 120 - Loss = 0.275 | AUROC = 0.705
2025-01-02 01:26:21,773 - INFO - Epoch 1 - VAL - Batch 130 - Loss = 0.285 | AUROC = 0.765
2025-01-02 01:26:22,788 - INFO - Epoch 1 - VAL - Batch 140 - Loss = 0.289 | AUROC = 0.64
2025-01-02 01:26:23,756 - INFO - Epoch 1 - VAL - Batch 150 - Loss = 0.28 | AUROC = 0.645
2025-01-02 01:26:24,762 - INFO - Epoch 1 - VAL - Batch 160 - Loss = 0.252 | AUROC = 0.76
2025-01-02 01:26:25,733 - INFO - Epoch 1 - VAL - Batch 170 - Loss = 0.272 | AUROC = 0.72
2025-01-02 01:26:26,771 - INFO - Epoch 1 - VAL - Batch 180 - Loss = 0.31 | AUROC = 0.771
2025-01-02 01:26:27,738 - INFO - Epoch 1 - VAL - Batch 190 - Loss = 0.328 | AUROC = 0.711
2025-01-02 01:26:28,735 - INFO - Epoch 1 - VAL - Batch 200 - Loss = 0.258 | AUROC = 0.706
2025-01-02 01:26:29,748 - INFO - Epoch 1 - VAL - Batch 210 - Loss = 0.286 | AUROC = 0.628
2025-01-02 01:26:30,723 - INFO - Epoch 1 - VAL - Batch 220 - Loss = 0.309 | AUROC = 0.678
2025-01-02 01:26:31,771 - INFO - Epoch 1 - VAL - Batch 230 - Loss = 0.311 | AUROC = 0.729
2025-01-02 01:26:32,751 - INFO - Epoch 1 - VAL - Batch 240 - Loss = 0.251 | AUROC = 0.728
2025-01-02 01:26:33,780 - INFO - Epoch 1 - VAL - Batch 250 - Loss = 0.311 | AUROC = 0.69
2025-01-02 01:26:34,606 - INFO - TRAIN phase
2025-01-02 01:26:34,964 - INFO - Epoch 2 - TRAIN - Batch 0 - Loss = 0.253 | AUROC = 0.791
2025-01-02 01:26:38,449 - INFO - Epoch 2 - TRAIN - Batch 10 - Loss = 0.259 | AUROC = 0.704
2025-01-02 01:26:41,947 - INFO - Epoch 2 - TRAIN - Batch 20 - Loss = 0.287 | AUROC = 0.775
2025-01-02 01:26:45,429 - INFO - Epoch 2 - TRAIN - Batch 30 - Loss = 0.24 | AUROC = 0.762
2025-01-02 01:26:48,930 - INFO - Epoch 2 - TRAIN - Batch 40 - Loss = 0.282 | AUROC = 0.723
2025-01-02 01:26:52,420 - INFO - Epoch 2 - TRAIN - Batch 50 - Loss = 0.277 | AUROC = 0.768
2025-01-02 01:26:55,915 - INFO - Epoch 2 - TRAIN - Batch 60 - Loss = 0.233 | AUROC = 0.786
2025-01-02 01:26:59,395 - INFO - Epoch 2 - TRAIN - Batch 70 - Loss = 0.256 | AUROC = 0.694
2025-01-02 01:27:02,877 - INFO - Epoch 2 - TRAIN - Batch 80 - Loss = 0.278 | AUROC = 0.77
2025-01-02 01:27:06,360 - INFO - Epoch 2 - TRAIN - Batch 90 - Loss = 0.259 | AUROC = 0.713
2025-01-02 01:27:09,843 - INFO - Epoch 2 - TRAIN - Batch 100 - Loss = 0.26 | AUROC = 0.748
2025-01-02 01:27:13,341 - INFO - Epoch 2 - TRAIN - Batch 110 - Loss = 0.272 | AUROC = 0.767
2025-01-02 01:27:16,844 - INFO - Epoch 2 - TRAIN - Batch 120 - Loss = 0.279 | AUROC = 0.693
2025-01-02 01:27:20,341 - INFO - Epoch 2 - TRAIN - Batch 130 - Loss = 0.265 | AUROC = 0.698
2025-01-02 01:27:23,828 - INFO - Epoch 2 - TRAIN - Batch 140 - Loss = 0.253 | AUROC = 0.752
2025-01-02 01:27:27,316 - INFO - Epoch 2 - TRAIN - Batch 150 - Loss = 0.279 | AUROC = 0.736
2025-01-02 01:27:30,797 - INFO - Epoch 2 - TRAIN - Batch 160 - Loss = 0.278 | AUROC = 0.698
2025-01-02 01:27:34,288 - INFO - Epoch 2 - TRAIN - Batch 170 - Loss = 0.268 | AUROC = 0.747
2025-01-02 01:27:37,770 - INFO - Epoch 2 - TRAIN - Batch 180 - Loss = 0.273 | AUROC = 0.775
2025-01-02 01:27:41,254 - INFO - Epoch 2 - TRAIN - Batch 190 - Loss = 0.306 | AUROC = 0.7
2025-01-02 01:27:44,744 - INFO - Epoch 2 - TRAIN - Batch 200 - Loss = 0.255 | AUROC = 0.723
2025-01-02 01:27:48,232 - INFO - Epoch 2 - TRAIN - Batch 210 - Loss = 0.287 | AUROC = 0.759
2025-01-02 01:27:51,732 - INFO - Epoch 2 - TRAIN - Batch 220 - Loss = 0.277 | AUROC = 0.775
2025-01-02 01:27:55,207 - INFO - Epoch 2 - TRAIN - Batch 230 - Loss = 0.314 | AUROC = 0.675
2025-01-02 01:27:58,693 - INFO - Epoch 2 - TRAIN - Batch 240 - Loss = 0.267 | AUROC = 0.726
2025-01-02 01:28:02,183 - INFO - Epoch 2 - TRAIN - Batch 250 - Loss = 0.236 | AUROC = 0.795
2025-01-02 01:28:05,665 - INFO - Epoch 2 - TRAIN - Batch 260 - Loss = 0.238 | AUROC = 0.722
2025-01-02 01:28:09,149 - INFO - Epoch 2 - TRAIN - Batch 270 - Loss = 0.262 | AUROC = 0.773
2025-01-02 01:28:12,643 - INFO - Epoch 2 - TRAIN - Batch 280 - Loss = 0.247 | AUROC = 0.722
2025-01-02 01:28:16,131 - INFO - Epoch 2 - TRAIN - Batch 290 - Loss = 0.282 | AUROC = 0.739
2025-01-02 01:28:19,609 - INFO - Epoch 2 - TRAIN - Batch 300 - Loss = 0.263 | AUROC = 0.785
2025-01-02 01:28:23,101 - INFO - Epoch 2 - TRAIN - Batch 310 - Loss = 0.263 | AUROC = 0.72
2025-01-02 01:28:26,589 - INFO - Epoch 2 - TRAIN - Batch 320 - Loss = 0.269 | AUROC = 0.784
2025-01-02 01:28:30,064 - INFO - Epoch 2 - TRAIN - Batch 330 - Loss = 0.272 | AUROC = 0.755
2025-01-02 01:28:33,549 - INFO - Epoch 2 - TRAIN - Batch 340 - Loss = 0.264 | AUROC = 0.711
2025-01-02 01:28:37,036 - INFO - Epoch 2 - TRAIN - Batch 350 - Loss = 0.274 | AUROC = 0.768
2025-01-02 01:28:40,511 - INFO - Epoch 2 - TRAIN - Batch 360 - Loss = 0.253 | AUROC = 0.815
2025-01-02 01:28:43,985 - INFO - Epoch 2 - TRAIN - Batch 370 - Loss = 0.298 | AUROC = 0.717
2025-01-02 01:28:47,459 - INFO - Epoch 2 - TRAIN - Batch 380 - Loss = 0.23 | AUROC = 0.81
2025-01-02 01:28:50,939 - INFO - Epoch 2 - TRAIN - Batch 390 - Loss = 0.269 | AUROC = 0.826
2025-01-02 01:28:54,525 - INFO - Epoch 2 - TRAIN - Batch 400 - Loss = 0.244 | AUROC = 0.768
2025-01-02 01:28:58,021 - INFO - Epoch 2 - TRAIN - Batch 410 - Loss = 0.233 | AUROC = 0.789
2025-01-02 01:29:01,511 - INFO - Epoch 2 - TRAIN - Batch 420 - Loss = 0.275 | AUROC = 0.674
2025-01-02 01:29:05,008 - INFO - Epoch 2 - TRAIN - Batch 430 - Loss = 0.286 | AUROC = 0.69
2025-01-02 01:29:08,487 - INFO - Epoch 2 - TRAIN - Batch 440 - Loss = 0.262 | AUROC = 0.789
2025-01-02 01:29:11,986 - INFO - Epoch 2 - TRAIN - Batch 450 - Loss = 0.253 | AUROC = 0.797
2025-01-02 01:29:15,487 - INFO - Epoch 2 - TRAIN - Batch 460 - Loss = 0.281 | AUROC = 0.723
2025-01-02 01:29:18,997 - INFO - Epoch 2 - TRAIN - Batch 470 - Loss = 0.31 | AUROC = 0.716
2025-01-02 01:29:22,502 - INFO - Epoch 2 - TRAIN - Batch 480 - Loss = 0.264 | AUROC = 0.729
2025-01-02 01:29:26,011 - INFO - Epoch 2 - TRAIN - Batch 490 - Loss = 0.253 | AUROC = 0.802
2025-01-02 01:29:29,512 - INFO - Epoch 2 - TRAIN - Batch 500 - Loss = 0.27 | AUROC = 0.718
2025-01-02 01:29:33,007 - INFO - Epoch 2 - TRAIN - Batch 510 - Loss = 0.242 | AUROC = 0.849
2025-01-02 01:29:35,166 - INFO - VAL phase
2025-01-02 01:29:35,276 - INFO - Epoch 2 - VAL - Batch 0 - Loss = 0.296 | AUROC = 0.727
2025-01-02 01:29:36,258 - INFO - Epoch 2 - VAL - Batch 10 - Loss = 0.319 | AUROC = 0.666
2025-01-02 01:29:37,227 - INFO - Epoch 2 - VAL - Batch 20 - Loss = 0.287 | AUROC = 0.678
2025-01-02 01:29:38,227 - INFO - Epoch 2 - VAL - Batch 30 - Loss = 0.269 | AUROC = 0.715
2025-01-02 01:29:39,234 - INFO - Epoch 2 - VAL - Batch 40 - Loss = 0.251 | AUROC = 0.714
2025-01-02 01:29:40,349 - INFO - Epoch 2 - VAL - Batch 50 - Loss = 0.332 | AUROC = 0.683
2025-01-02 01:29:41,357 - INFO - Epoch 2 - VAL - Batch 60 - Loss = 0.298 | AUROC = 0.749
2025-01-02 01:29:42,403 - INFO - Epoch 2 - VAL - Batch 70 - Loss = 0.331 | AUROC = 0.705
2025-01-02 01:29:43,418 - INFO - Epoch 2 - VAL - Batch 80 - Loss = 0.274 | AUROC = 0.759
2025-01-02 01:29:44,423 - INFO - Epoch 2 - VAL - Batch 90 - Loss = 0.317 | AUROC = 0.658
2025-01-02 01:29:45,421 - INFO - Epoch 2 - VAL - Batch 100 - Loss = 0.294 | AUROC = 0.662
2025-01-02 01:29:46,419 - INFO - Epoch 2 - VAL - Batch 110 - Loss = 0.331 | AUROC = 0.723
2025-01-02 01:29:47,427 - INFO - Epoch 2 - VAL - Batch 120 - Loss = 0.328 | AUROC = 0.673
2025-01-02 01:29:48,426 - INFO - Epoch 2 - VAL - Batch 130 - Loss = 0.3 | AUROC = 0.7
2025-01-02 01:29:49,423 - INFO - Epoch 2 - VAL - Batch 140 - Loss = 0.328 | AUROC = 0.594
2025-01-02 01:29:50,418 - INFO - Epoch 2 - VAL - Batch 150 - Loss = 0.308 | AUROC = 0.625
2025-01-02 01:29:51,424 - INFO - Epoch 2 - VAL - Batch 160 - Loss = 0.287 | AUROC = 0.66
2025-01-02 01:29:52,425 - INFO - Epoch 2 - VAL - Batch 170 - Loss = 0.3 | AUROC = 0.655
2025-01-02 01:29:53,424 - INFO - Epoch 2 - VAL - Batch 180 - Loss = 0.329 | AUROC = 0.698
2025-01-02 01:29:54,427 - INFO - Epoch 2 - VAL - Batch 190 - Loss = 0.337 | AUROC = 0.732
2025-01-02 01:29:55,428 - INFO - Epoch 2 - VAL - Batch 200 - Loss = 0.32 | AUROC = 0.663
2025-01-02 01:29:56,434 - INFO - Epoch 2 - VAL - Batch 210 - Loss = 0.311 | AUROC = 0.684
2025-01-02 01:29:57,440 - INFO - Epoch 2 - VAL - Batch 220 - Loss = 0.331 | AUROC = 0.68
2025-01-02 01:29:58,451 - INFO - Epoch 2 - VAL - Batch 230 - Loss = 0.346 | AUROC = 0.657
2025-01-02 01:29:59,527 - INFO - Epoch 2 - VAL - Batch 240 - Loss = 0.301 | AUROC = 0.659
2025-01-02 01:30:00,507 - INFO - Epoch 2 - VAL - Batch 250 - Loss = 0.318 | AUROC = 0.664
2025-01-02 01:30:01,305 - INFO - TRAIN phase
2025-01-02 01:30:01,660 - INFO - Epoch 3 - TRAIN - Batch 0 - Loss = 0.254 | AUROC = 0.742
2025-01-02 01:30:05,205 - INFO - Epoch 3 - TRAIN - Batch 10 - Loss = 0.258 | AUROC = 0.672
2025-01-02 01:30:08,754 - INFO - Epoch 3 - TRAIN - Batch 20 - Loss = 0.258 | AUROC = 0.729
2025-01-02 01:30:12,307 - INFO - Epoch 3 - TRAIN - Batch 30 - Loss = 0.288 | AUROC = 0.764
2025-01-02 01:30:15,853 - INFO - Epoch 3 - TRAIN - Batch 40 - Loss = 0.264 | AUROC = 0.695
2025-01-02 01:30:19,398 - INFO - Epoch 3 - TRAIN - Batch 50 - Loss = 0.294 | AUROC = 0.766
2025-01-02 01:30:22,932 - INFO - Epoch 3 - TRAIN - Batch 60 - Loss = 0.244 | AUROC = 0.712
2025-01-02 01:30:26,514 - INFO - Epoch 3 - TRAIN - Batch 70 - Loss = 0.239 | AUROC = 0.789
2025-01-02 01:30:30,073 - INFO - Epoch 3 - TRAIN - Batch 80 - Loss = 0.26 | AUROC = 0.724
2025-01-02 01:30:33,583 - INFO - Epoch 3 - TRAIN - Batch 90 - Loss = 0.273 | AUROC = 0.739
2025-01-02 01:30:37,085 - INFO - Epoch 3 - TRAIN - Batch 100 - Loss = 0.274 | AUROC = 0.704
2025-01-02 01:30:40,575 - INFO - Epoch 3 - TRAIN - Batch 110 - Loss = 0.294 | AUROC = 0.727
2025-01-02 01:30:44,062 - INFO - Epoch 3 - TRAIN - Batch 120 - Loss = 0.266 | AUROC = 0.757
2025-01-02 01:30:47,539 - INFO - Epoch 3 - TRAIN - Batch 130 - Loss = 0.253 | AUROC = 0.822
2025-01-02 01:30:51,050 - INFO - Epoch 3 - TRAIN - Batch 140 - Loss = 0.281 | AUROC = 0.714
2025-01-02 01:30:54,533 - INFO - Epoch 3 - TRAIN - Batch 150 - Loss = 0.269 | AUROC = 0.743
2025-01-02 01:30:58,012 - INFO - Epoch 3 - TRAIN - Batch 160 - Loss = 0.274 | AUROC = 0.779
2025-01-02 01:31:01,497 - INFO - Epoch 3 - TRAIN - Batch 170 - Loss = 0.254 | AUROC = 0.767
2025-01-02 01:31:04,982 - INFO - Epoch 3 - TRAIN - Batch 180 - Loss = 0.255 | AUROC = 0.797
2025-01-02 01:31:08,465 - INFO - Epoch 3 - TRAIN - Batch 190 - Loss = 0.272 | AUROC = 0.72
2025-01-02 01:31:11,961 - INFO - Epoch 3 - TRAIN - Batch 200 - Loss = 0.266 | AUROC = 0.704
2025-01-02 01:31:15,449 - INFO - Epoch 3 - TRAIN - Batch 210 - Loss = 0.269 | AUROC = 0.785
2025-01-02 01:31:18,928 - INFO - Epoch 3 - TRAIN - Batch 220 - Loss = 0.261 | AUROC = 0.796
2025-01-02 01:31:22,410 - INFO - Epoch 3 - TRAIN - Batch 230 - Loss = 0.265 | AUROC = 0.762
2025-01-02 01:31:25,891 - INFO - Epoch 3 - TRAIN - Batch 240 - Loss = 0.258 | AUROC = 0.691
2025-01-02 01:31:29,385 - INFO - Epoch 3 - TRAIN - Batch 250 - Loss = 0.261 | AUROC = 0.756
2025-01-02 01:31:32,887 - INFO - Epoch 3 - TRAIN - Batch 260 - Loss = 0.253 | AUROC = 0.722
2025-01-02 01:31:36,384 - INFO - Epoch 3 - TRAIN - Batch 270 - Loss = 0.276 | AUROC = 0.742
2025-01-02 01:31:39,871 - INFO - Epoch 3 - TRAIN - Batch 280 - Loss = 0.268 | AUROC = 0.761
2025-01-02 01:31:43,371 - INFO - Epoch 3 - TRAIN - Batch 290 - Loss = 0.268 | AUROC = 0.777
2025-01-02 01:31:46,844 - INFO - Epoch 3 - TRAIN - Batch 300 - Loss = 0.229 | AUROC = 0.762
2025-01-02 01:31:50,332 - INFO - Epoch 3 - TRAIN - Batch 310 - Loss = 0.289 | AUROC = 0.69
2025-01-02 01:31:53,821 - INFO - Epoch 3 - TRAIN - Batch 320 - Loss = 0.289 | AUROC = 0.73
2025-01-02 01:31:57,308 - INFO - Epoch 3 - TRAIN - Batch 330 - Loss = 0.283 | AUROC = 0.75
2025-01-02 01:32:00,771 - INFO - Epoch 3 - TRAIN - Batch 340 - Loss = 0.253 | AUROC = 0.793
2025-01-02 01:32:04,238 - INFO - Epoch 3 - TRAIN - Batch 350 - Loss = 0.261 | AUROC = 0.714
2025-01-02 01:32:07,735 - INFO - Epoch 3 - TRAIN - Batch 360 - Loss = 0.24 | AUROC = 0.733
2025-01-02 01:32:11,225 - INFO - Epoch 3 - TRAIN - Batch 370 - Loss = 0.284 | AUROC = 0.762
2025-01-02 01:32:14,711 - INFO - Epoch 3 - TRAIN - Batch 380 - Loss = 0.252 | AUROC = 0.778
2025-01-02 01:32:18,202 - INFO - Epoch 3 - TRAIN - Batch 390 - Loss = 0.26 | AUROC = 0.8
2025-01-02 01:32:21,688 - INFO - Epoch 3 - TRAIN - Batch 400 - Loss = 0.275 | AUROC = 0.752
2025-01-02 01:32:25,172 - INFO - Epoch 3 - TRAIN - Batch 410 - Loss = 0.263 | AUROC = 0.731
2025-01-02 01:32:28,667 - INFO - Epoch 3 - TRAIN - Batch 420 - Loss = 0.251 | AUROC = 0.767
2025-01-02 01:32:32,148 - INFO - Epoch 3 - TRAIN - Batch 430 - Loss = 0.245 | AUROC = 0.702
2025-01-02 01:32:35,641 - INFO - Epoch 3 - TRAIN - Batch 440 - Loss = 0.268 | AUROC = 0.767
2025-01-02 01:32:39,130 - INFO - Epoch 3 - TRAIN - Batch 450 - Loss = 0.294 | AUROC = 0.715
2025-01-02 01:32:42,617 - INFO - Epoch 3 - TRAIN - Batch 460 - Loss = 0.261 | AUROC = 0.795
2025-01-02 01:32:46,108 - INFO - Epoch 3 - TRAIN - Batch 470 - Loss = 0.269 | AUROC = 0.621
2025-01-02 01:32:49,589 - INFO - Epoch 3 - TRAIN - Batch 480 - Loss = 0.253 | AUROC = 0.789
2025-01-02 01:32:53,070 - INFO - Epoch 3 - TRAIN - Batch 490 - Loss = 0.273 | AUROC = 0.742
2025-01-02 01:32:56,563 - INFO - Epoch 3 - TRAIN - Batch 500 - Loss = 0.261 | AUROC = 0.769
2025-01-02 01:33:00,040 - INFO - Epoch 3 - TRAIN - Batch 510 - Loss = 0.252 | AUROC = 0.739
2025-01-02 01:33:02,202 - INFO - VAL phase
2025-01-02 01:33:02,306 - INFO - Epoch 3 - VAL - Batch 0 - Loss = 0.243 | AUROC = 0.79
2025-01-02 01:33:03,270 - INFO - Epoch 3 - VAL - Batch 10 - Loss = 0.289 | AUROC = 0.736
2025-01-02 01:33:04,248 - INFO - Epoch 3 - VAL - Batch 20 - Loss = 0.272 | AUROC = 0.68
2025-01-02 01:33:05,240 - INFO - Epoch 3 - VAL - Batch 30 - Loss = 0.234 | AUROC = 0.796
2025-01-02 01:33:06,233 - INFO - Epoch 3 - VAL - Batch 40 - Loss = 0.217 | AUROC = 0.775
2025-01-02 01:33:07,234 - INFO - Epoch 3 - VAL - Batch 50 - Loss = 0.298 | AUROC = 0.699
2025-01-02 01:33:08,331 - INFO - Epoch 3 - VAL - Batch 60 - Loss = 0.265 | AUROC = 0.742
2025-01-02 01:33:09,321 - INFO - Epoch 3 - VAL - Batch 70 - Loss = 0.262 | AUROC = 0.74
2025-01-02 01:33:10,373 - INFO - Epoch 3 - VAL - Batch 80 - Loss = 0.255 | AUROC = 0.824
2025-01-02 01:33:11,343 - INFO - Epoch 3 - VAL - Batch 90 - Loss = 0.268 | AUROC = 0.741
2025-01-02 01:33:12,367 - INFO - Epoch 3 - VAL - Batch 100 - Loss = 0.247 | AUROC = 0.79
2025-01-02 01:33:13,331 - INFO - Epoch 3 - VAL - Batch 110 - Loss = 0.293 | AUROC = 0.738
2025-01-02 01:33:14,392 - INFO - Epoch 3 - VAL - Batch 120 - Loss = 0.282 | AUROC = 0.728
2025-01-02 01:33:15,364 - INFO - Epoch 3 - VAL - Batch 130 - Loss = 0.282 | AUROC = 0.715
2025-01-02 01:33:16,373 - INFO - Epoch 3 - VAL - Batch 140 - Loss = 0.285 | AUROC = 0.639
2025-01-02 01:33:17,331 - INFO - Epoch 3 - VAL - Batch 150 - Loss = 0.276 | AUROC = 0.687
2025-01-02 01:33:18,289 - INFO - Epoch 3 - VAL - Batch 160 - Loss = 0.246 | AUROC = 0.782
2025-01-02 01:33:19,340 - INFO - Epoch 3 - VAL - Batch 170 - Loss = 0.267 | AUROC = 0.715
2025-01-02 01:33:20,313 - INFO - Epoch 3 - VAL - Batch 180 - Loss = 0.308 | AUROC = 0.731
2025-01-02 01:33:21,354 - INFO - Epoch 3 - VAL - Batch 190 - Loss = 0.316 | AUROC = 0.788
2025-01-02 01:33:22,312 - INFO - Epoch 3 - VAL - Batch 200 - Loss = 0.261 | AUROC = 0.758
2025-01-02 01:33:23,327 - INFO - Epoch 3 - VAL - Batch 210 - Loss = 0.265 | AUROC = 0.777
2025-01-02 01:33:24,327 - INFO - Epoch 3 - VAL - Batch 220 - Loss = 0.309 | AUROC = 0.683
2025-01-02 01:33:25,289 - INFO - Epoch 3 - VAL - Batch 230 - Loss = 0.3 | AUROC = 0.781
2025-01-02 01:33:26,332 - INFO - Epoch 3 - VAL - Batch 240 - Loss = 0.262 | AUROC = 0.707
2025-01-02 01:33:27,313 - INFO - Epoch 3 - VAL - Batch 250 - Loss = 0.318 | AUROC = 0.654
2025-01-02 01:33:28,198 - INFO - TRAIN phase
2025-01-02 01:33:28,556 - INFO - Epoch 4 - TRAIN - Batch 0 - Loss = 0.27 | AUROC = 0.708
2025-01-02 01:33:32,041 - INFO - Epoch 4 - TRAIN - Batch 10 - Loss = 0.286 | AUROC = 0.741
2025-01-02 01:33:35,520 - INFO - Epoch 4 - TRAIN - Batch 20 - Loss = 0.24 | AUROC = 0.792
2025-01-02 01:33:39,066 - INFO - Epoch 4 - TRAIN - Batch 30 - Loss = 0.252 | AUROC = 0.728
2025-01-02 01:33:42,601 - INFO - Epoch 4 - TRAIN - Batch 40 - Loss = 0.245 | AUROC = 0.785
2025-01-02 01:33:46,111 - INFO - Epoch 4 - TRAIN - Batch 50 - Loss = 0.265 | AUROC = 0.755
2025-01-02 01:33:49,665 - INFO - Epoch 4 - TRAIN - Batch 60 - Loss = 0.251 | AUROC = 0.797
2025-01-02 01:33:53,173 - INFO - Epoch 4 - TRAIN - Batch 70 - Loss = 0.249 | AUROC = 0.754
2025-01-02 01:33:56,672 - INFO - Epoch 4 - TRAIN - Batch 80 - Loss = 0.243 | AUROC = 0.802
2025-01-02 01:34:00,164 - INFO - Epoch 4 - TRAIN - Batch 90 - Loss = 0.263 | AUROC = 0.732
2025-01-02 01:34:03,650 - INFO - Epoch 4 - TRAIN - Batch 100 - Loss = 0.294 | AUROC = 0.79
2025-01-02 01:34:07,135 - INFO - Epoch 4 - TRAIN - Batch 110 - Loss = 0.234 | AUROC = 0.757
2025-01-02 01:34:10,612 - INFO - Epoch 4 - TRAIN - Batch 120 - Loss = 0.293 | AUROC = 0.76
2025-01-02 01:34:14,105 - INFO - Epoch 4 - TRAIN - Batch 130 - Loss = 0.272 | AUROC = 0.786
2025-01-02 01:34:17,582 - INFO - Epoch 4 - TRAIN - Batch 140 - Loss = 0.253 | AUROC = 0.759
2025-01-02 01:34:21,073 - INFO - Epoch 4 - TRAIN - Batch 150 - Loss = 0.262 | AUROC = 0.786
2025-01-02 01:34:24,559 - INFO - Epoch 4 - TRAIN - Batch 160 - Loss = 0.267 | AUROC = 0.682
2025-01-02 01:34:28,029 - INFO - Epoch 4 - TRAIN - Batch 170 - Loss = 0.297 | AUROC = 0.733
2025-01-02 01:34:31,510 - INFO - Epoch 4 - TRAIN - Batch 180 - Loss = 0.255 | AUROC = 0.763
2025-01-02 01:34:34,989 - INFO - Epoch 4 - TRAIN - Batch 190 - Loss = 0.241 | AUROC = 0.722
2025-01-02 01:34:38,453 - INFO - Epoch 4 - TRAIN - Batch 200 - Loss = 0.281 | AUROC = 0.691
2025-01-02 01:34:41,923 - INFO - Epoch 4 - TRAIN - Batch 210 - Loss = 0.241 | AUROC = 0.762
2025-01-02 01:34:45,403 - INFO - Epoch 4 - TRAIN - Batch 220 - Loss = 0.273 | AUROC = 0.721
2025-01-02 01:34:48,883 - INFO - Epoch 4 - TRAIN - Batch 230 - Loss = 0.265 | AUROC = 0.714
2025-01-02 01:34:52,364 - INFO - Epoch 4 - TRAIN - Batch 240 - Loss = 0.257 | AUROC = 0.743
2025-01-02 01:34:55,856 - INFO - Epoch 4 - TRAIN - Batch 250 - Loss = 0.241 | AUROC = 0.771
2025-01-02 01:34:59,359 - INFO - Epoch 4 - TRAIN - Batch 260 - Loss = 0.274 | AUROC = 0.753
2025-01-02 01:35:02,832 - INFO - Epoch 4 - TRAIN - Batch 270 - Loss = 0.263 | AUROC = 0.727
2025-01-02 01:35:06,385 - INFO - Epoch 4 - TRAIN - Batch 280 - Loss = 0.268 | AUROC = 0.705
2025-01-02 01:35:09,930 - INFO - Epoch 4 - TRAIN - Batch 290 - Loss = 0.271 | AUROC = 0.649
2025-01-02 01:35:13,438 - INFO - Epoch 4 - TRAIN - Batch 300 - Loss = 0.292 | AUROC = 0.743
2025-01-02 01:35:16,942 - INFO - Epoch 4 - TRAIN - Batch 310 - Loss = 0.263 | AUROC = 0.721
2025-01-02 01:35:20,432 - INFO - Epoch 4 - TRAIN - Batch 320 - Loss = 0.273 | AUROC = 0.716
2025-01-02 01:35:23,911 - INFO - Epoch 4 - TRAIN - Batch 330 - Loss = 0.233 | AUROC = 0.739
2025-01-02 01:35:27,402 - INFO - Epoch 4 - TRAIN - Batch 340 - Loss = 0.261 | AUROC = 0.784
2025-01-02 01:35:30,889 - INFO - Epoch 4 - TRAIN - Batch 350 - Loss = 0.261 | AUROC = 0.763
2025-01-02 01:35:34,374 - INFO - Epoch 4 - TRAIN - Batch 360 - Loss = 0.263 | AUROC = 0.745
2025-01-02 01:35:37,868 - INFO - Epoch 4 - TRAIN - Batch 370 - Loss = 0.271 | AUROC = 0.777
2025-01-02 01:35:41,352 - INFO - Epoch 4 - TRAIN - Batch 380 - Loss = 0.263 | AUROC = 0.745
2025-01-02 01:35:44,827 - INFO - Epoch 4 - TRAIN - Batch 390 - Loss = 0.268 | AUROC = 0.759
2025-01-02 01:35:48,306 - INFO - Epoch 4 - TRAIN - Batch 400 - Loss = 0.267 | AUROC = 0.702
2025-01-02 01:35:51,788 - INFO - Epoch 4 - TRAIN - Batch 410 - Loss = 0.243 | AUROC = 0.838
2025-01-02 01:35:55,270 - INFO - Epoch 4 - TRAIN - Batch 420 - Loss = 0.285 | AUROC = 0.748
2025-01-02 01:35:58,761 - INFO - Epoch 4 - TRAIN - Batch 430 - Loss = 0.291 | AUROC = 0.755
2025-01-02 01:36:02,289 - INFO - Epoch 4 - TRAIN - Batch 440 - Loss = 0.248 | AUROC = 0.755
2025-01-02 01:36:05,773 - INFO - Epoch 4 - TRAIN - Batch 450 - Loss = 0.264 | AUROC = 0.78
2025-01-02 01:36:09,261 - INFO - Epoch 4 - TRAIN - Batch 460 - Loss = 0.254 | AUROC = 0.727
2025-01-02 01:36:12,743 - INFO - Epoch 4 - TRAIN - Batch 470 - Loss = 0.272 | AUROC = 0.773
2025-01-02 01:36:16,226 - INFO - Epoch 4 - TRAIN - Batch 480 - Loss = 0.289 | AUROC = 0.743
2025-01-02 01:36:19,715 - INFO - Epoch 4 - TRAIN - Batch 490 - Loss = 0.24 | AUROC = 0.806
2025-01-02 01:36:23,210 - INFO - Epoch 4 - TRAIN - Batch 500 - Loss = 0.244 | AUROC = 0.741
2025-01-02 01:36:26,712 - INFO - Epoch 4 - TRAIN - Batch 510 - Loss = 0.271 | AUROC = 0.79
2025-01-02 01:36:28,860 - INFO - VAL phase
2025-01-02 01:36:28,968 - INFO - Epoch 4 - VAL - Batch 0 - Loss = 0.255 | AUROC = 0.794
2025-01-02 01:36:29,938 - INFO - Epoch 4 - VAL - Batch 10 - Loss = 0.315 | AUROC = 0.738
2025-01-02 01:36:30,938 - INFO - Epoch 4 - VAL - Batch 20 - Loss = 0.28 | AUROC = 0.692
2025-01-02 01:36:31,992 - INFO - Epoch 4 - VAL - Batch 30 - Loss = 0.275 | AUROC = 0.762
2025-01-02 01:36:32,974 - INFO - Epoch 4 - VAL - Batch 40 - Loss = 0.242 | AUROC = 0.736
2025-01-02 01:36:34,011 - INFO - Epoch 4 - VAL - Batch 50 - Loss = 0.322 | AUROC = 0.728
2025-01-02 01:36:35,004 - INFO - Epoch 4 - VAL - Batch 60 - Loss = 0.277 | AUROC = 0.804
2025-01-02 01:36:36,010 - INFO - Epoch 4 - VAL - Batch 70 - Loss = 0.294 | AUROC = 0.723
2025-01-02 01:36:36,982 - INFO - Epoch 4 - VAL - Batch 80 - Loss = 0.262 | AUROC = 0.825
2025-01-02 01:36:38,001 - INFO - Epoch 4 - VAL - Batch 90 - Loss = 0.316 | AUROC = 0.666
2025-01-02 01:36:38,964 - INFO - Epoch 4 - VAL - Batch 100 - Loss = 0.286 | AUROC = 0.769
2025-01-02 01:36:40,011 - INFO - Epoch 4 - VAL - Batch 110 - Loss = 0.317 | AUROC = 0.744
2025-01-02 01:36:40,969 - INFO - Epoch 4 - VAL - Batch 120 - Loss = 0.29 | AUROC = 0.75
2025-01-02 01:36:42,012 - INFO - Epoch 4 - VAL - Batch 130 - Loss = 0.294 | AUROC = 0.74
2025-01-02 01:36:42,976 - INFO - Epoch 4 - VAL - Batch 140 - Loss = 0.274 | AUROC = 0.713
2025-01-02 01:36:43,987 - INFO - Epoch 4 - VAL - Batch 150 - Loss = 0.294 | AUROC = 0.656
2025-01-02 01:36:45,025 - INFO - Epoch 4 - VAL - Batch 160 - Loss = 0.278 | AUROC = 0.757
2025-01-02 01:36:46,007 - INFO - Epoch 4 - VAL - Batch 170 - Loss = 0.32 | AUROC = 0.694
2025-01-02 01:36:47,029 - INFO - Epoch 4 - VAL - Batch 180 - Loss = 0.315 | AUROC = 0.742
2025-01-02 01:36:48,013 - INFO - Epoch 4 - VAL - Batch 190 - Loss = 0.34 | AUROC = 0.767
2025-01-02 01:36:49,096 - INFO - Epoch 4 - VAL - Batch 200 - Loss = 0.306 | AUROC = 0.681
2025-01-02 01:36:50,054 - INFO - Epoch 4 - VAL - Batch 210 - Loss = 0.32 | AUROC = 0.711
2025-01-02 01:36:51,111 - INFO - Epoch 4 - VAL - Batch 220 - Loss = 0.354 | AUROC = 0.652
2025-01-02 01:36:52,073 - INFO - Epoch 4 - VAL - Batch 230 - Loss = 0.34 | AUROC = 0.721
2025-01-02 01:36:53,082 - INFO - Epoch 4 - VAL - Batch 240 - Loss = 0.268 | AUROC = 0.73
2025-01-02 01:36:54,063 - INFO - Epoch 4 - VAL - Batch 250 - Loss = 0.324 | AUROC = 0.693
2025-01-02 01:36:54,921 - INFO - TRAIN phase
2025-01-02 01:36:55,284 - INFO - Epoch 5 - TRAIN - Batch 0 - Loss = 0.301 | AUROC = 0.76
2025-01-02 01:36:58,789 - INFO - Epoch 5 - TRAIN - Batch 10 - Loss = 0.268 | AUROC = 0.675
2025-01-02 01:37:02,271 - INFO - Epoch 5 - TRAIN - Batch 20 - Loss = 0.256 | AUROC = 0.775
2025-01-02 01:37:05,762 - INFO - Epoch 5 - TRAIN - Batch 30 - Loss = 0.266 | AUROC = 0.779
2025-01-02 01:37:09,266 - INFO - Epoch 5 - TRAIN - Batch 40 - Loss = 0.273 | AUROC = 0.714
2025-01-02 01:37:12,771 - INFO - Epoch 5 - TRAIN - Batch 50 - Loss = 0.244 | AUROC = 0.743
2025-01-02 01:37:16,309 - INFO - Epoch 5 - TRAIN - Batch 60 - Loss = 0.303 | AUROC = 0.792
2025-01-02 01:37:19,846 - INFO - Epoch 5 - TRAIN - Batch 70 - Loss = 0.274 | AUROC = 0.686
2025-01-02 01:37:23,395 - INFO - Epoch 5 - TRAIN - Batch 80 - Loss = 0.254 | AUROC = 0.785
2025-01-02 01:37:26,927 - INFO - Epoch 5 - TRAIN - Batch 90 - Loss = 0.242 | AUROC = 0.804
2025-01-02 01:37:30,412 - INFO - Epoch 5 - TRAIN - Batch 100 - Loss = 0.233 | AUROC = 0.753
2025-01-02 01:37:33,900 - INFO - Epoch 5 - TRAIN - Batch 110 - Loss = 0.268 | AUROC = 0.794
2025-01-02 01:37:37,389 - INFO - Epoch 5 - TRAIN - Batch 120 - Loss = 0.276 | AUROC = 0.759
2025-01-02 01:37:40,870 - INFO - Epoch 5 - TRAIN - Batch 130 - Loss = 0.263 | AUROC = 0.777
2025-01-02 01:37:44,353 - INFO - Epoch 5 - TRAIN - Batch 140 - Loss = 0.238 | AUROC = 0.827
2025-01-02 01:37:47,823 - INFO - Epoch 5 - TRAIN - Batch 150 - Loss = 0.268 | AUROC = 0.766
2025-01-02 01:37:51,305 - INFO - Epoch 5 - TRAIN - Batch 160 - Loss = 0.264 | AUROC = 0.794
2025-01-02 01:37:54,784 - INFO - Epoch 5 - TRAIN - Batch 170 - Loss = 0.265 | AUROC = 0.732
2025-01-02 01:37:58,266 - INFO - Epoch 5 - TRAIN - Batch 180 - Loss = 0.258 | AUROC = 0.764
2025-01-02 01:38:01,741 - INFO - Epoch 5 - TRAIN - Batch 190 - Loss = 0.265 | AUROC = 0.739
2025-01-02 01:38:05,229 - INFO - Epoch 5 - TRAIN - Batch 200 - Loss = 0.255 | AUROC = 0.813
2025-01-02 01:38:08,710 - INFO - Epoch 5 - TRAIN - Batch 210 - Loss = 0.248 | AUROC = 0.765
2025-01-02 01:38:12,212 - INFO - Epoch 5 - TRAIN - Batch 220 - Loss = 0.291 | AUROC = 0.78
2025-01-02 01:38:15,729 - INFO - Epoch 5 - TRAIN - Batch 230 - Loss = 0.249 | AUROC = 0.689
2025-01-02 01:38:19,222 - INFO - Epoch 5 - TRAIN - Batch 240 - Loss = 0.236 | AUROC = 0.791
2025-01-02 01:38:22,705 - INFO - Epoch 5 - TRAIN - Batch 250 - Loss = 0.277 | AUROC = 0.727
2025-01-02 01:38:26,190 - INFO - Epoch 5 - TRAIN - Batch 260 - Loss = 0.253 | AUROC = 0.813
2025-01-02 01:38:29,669 - INFO - Epoch 5 - TRAIN - Batch 270 - Loss = 0.243 | AUROC = 0.76
2025-01-02 01:38:33,171 - INFO - Epoch 5 - TRAIN - Batch 280 - Loss = 0.289 | AUROC = 0.706
2025-01-02 01:38:36,662 - INFO - Epoch 5 - TRAIN - Batch 290 - Loss = 0.291 | AUROC = 0.689
2025-01-02 01:38:40,142 - INFO - Epoch 5 - TRAIN - Batch 300 - Loss = 0.279 | AUROC = 0.759
2025-01-02 01:38:43,635 - INFO - Epoch 5 - TRAIN - Batch 310 - Loss = 0.284 | AUROC = 0.724
2025-01-02 01:38:47,114 - INFO - Epoch 5 - TRAIN - Batch 320 - Loss = 0.277 | AUROC = 0.775
2025-01-02 01:38:50,599 - INFO - Epoch 5 - TRAIN - Batch 330 - Loss = 0.275 | AUROC = 0.694
2025-01-02 01:38:54,070 - INFO - Epoch 5 - TRAIN - Batch 340 - Loss = 0.287 | AUROC = 0.776
2025-01-02 01:38:57,567 - INFO - Epoch 5 - TRAIN - Batch 350 - Loss = 0.247 | AUROC = 0.75
2025-01-02 01:39:01,049 - INFO - Epoch 5 - TRAIN - Batch 360 - Loss = 0.278 | AUROC = 0.758
2025-01-02 01:39:04,527 - INFO - Epoch 5 - TRAIN - Batch 370 - Loss = 0.274 | AUROC = 0.728
2025-01-02 01:39:08,010 - INFO - Epoch 5 - TRAIN - Batch 380 - Loss = 0.282 | AUROC = 0.756
2025-01-02 01:39:11,495 - INFO - Epoch 5 - TRAIN - Batch 390 - Loss = 0.237 | AUROC = 0.755
2025-01-02 01:39:14,974 - INFO - Epoch 5 - TRAIN - Batch 400 - Loss = 0.277 | AUROC = 0.728
2025-01-02 01:39:18,468 - INFO - Epoch 5 - TRAIN - Batch 410 - Loss = 0.24 | AUROC = 0.816
2025-01-02 01:39:21,974 - INFO - Epoch 5 - TRAIN - Batch 420 - Loss = 0.256 | AUROC = 0.773
2025-01-02 01:39:25,441 - INFO - Epoch 5 - TRAIN - Batch 430 - Loss = 0.232 | AUROC = 0.794
2025-01-02 01:39:28,911 - INFO - Epoch 5 - TRAIN - Batch 440 - Loss = 0.253 | AUROC = 0.712
2025-01-02 01:39:32,392 - INFO - Epoch 5 - TRAIN - Batch 450 - Loss = 0.26 | AUROC = 0.732
2025-01-02 01:39:35,872 - INFO - Epoch 5 - TRAIN - Batch 460 - Loss = 0.251 | AUROC = 0.78
2025-01-02 01:39:39,351 - INFO - Epoch 5 - TRAIN - Batch 470 - Loss = 0.239 | AUROC = 0.694
2025-01-02 01:39:42,811 - INFO - Epoch 5 - TRAIN - Batch 480 - Loss = 0.258 | AUROC = 0.823
2025-01-02 01:39:46,283 - INFO - Epoch 5 - TRAIN - Batch 490 - Loss = 0.24 | AUROC = 0.731
2025-01-02 01:39:49,748 - INFO - Epoch 5 - TRAIN - Batch 500 - Loss = 0.245 | AUROC = 0.807
2025-01-02 01:39:53,223 - INFO - Epoch 5 - TRAIN - Batch 510 - Loss = 0.269 | AUROC = 0.762
2025-01-02 01:39:55,369 - INFO - VAL phase
2025-01-02 01:39:55,488 - INFO - Epoch 5 - VAL - Batch 0 - Loss = 0.227 | AUROC = 0.795
2025-01-02 01:39:56,463 - INFO - Epoch 5 - VAL - Batch 10 - Loss = 0.29 | AUROC = 0.698
2025-01-02 01:39:57,425 - INFO - Epoch 5 - VAL - Batch 20 - Loss = 0.276 | AUROC = 0.742
2025-01-02 01:39:58,412 - INFO - Epoch 5 - VAL - Batch 30 - Loss = 0.234 | AUROC = 0.769
2025-01-02 01:39:59,421 - INFO - Epoch 5 - VAL - Batch 40 - Loss = 0.203 | AUROC = 0.843
2025-01-02 01:40:00,429 - INFO - Epoch 5 - VAL - Batch 50 - Loss = 0.317 | AUROC = 0.704
2025-01-02 01:40:01,566 - INFO - Epoch 5 - VAL - Batch 60 - Loss = 0.246 | AUROC = 0.825
2025-01-02 01:40:02,529 - INFO - Epoch 5 - VAL - Batch 70 - Loss = 0.287 | AUROC = 0.762
2025-01-02 01:40:03,524 - INFO - Epoch 5 - VAL - Batch 80 - Loss = 0.251 | AUROC = 0.835
2025-01-02 01:40:04,497 - INFO - Epoch 5 - VAL - Batch 90 - Loss = 0.273 | AUROC = 0.744
2025-01-02 01:40:05,541 - INFO - Epoch 5 - VAL - Batch 100 - Loss = 0.224 | AUROC = 0.818
2025-01-02 01:40:06,513 - INFO - Epoch 5 - VAL - Batch 110 - Loss = 0.303 | AUROC = 0.739
2025-01-02 01:40:07,490 - INFO - Epoch 5 - VAL - Batch 120 - Loss = 0.258 | AUROC = 0.838
2025-01-02 01:40:08,505 - INFO - Epoch 5 - VAL - Batch 130 - Loss = 0.28 | AUROC = 0.731
2025-01-02 01:40:09,480 - INFO - Epoch 5 - VAL - Batch 140 - Loss = 0.291 | AUROC = 0.699
2025-01-02 01:40:10,533 - INFO - Epoch 5 - VAL - Batch 150 - Loss = 0.292 | AUROC = 0.687
2025-01-02 01:40:11,491 - INFO - Epoch 5 - VAL - Batch 160 - Loss = 0.238 | AUROC = 0.785
2025-01-02 01:40:12,530 - INFO - Epoch 5 - VAL - Batch 170 - Loss = 0.268 | AUROC = 0.767
2025-01-02 01:40:13,501 - INFO - Epoch 5 - VAL - Batch 180 - Loss = 0.309 | AUROC = 0.799
2025-01-02 01:40:14,539 - INFO - Epoch 5 - VAL - Batch 190 - Loss = 0.314 | AUROC = 0.801
2025-01-02 01:40:15,506 - INFO - Epoch 5 - VAL - Batch 200 - Loss = 0.28 | AUROC = 0.723
2025-01-02 01:40:16,491 - INFO - Epoch 5 - VAL - Batch 210 - Loss = 0.283 | AUROC = 0.722
2025-01-02 01:40:17,509 - INFO - Epoch 5 - VAL - Batch 220 - Loss = 0.293 | AUROC = 0.69
2025-01-02 01:40:18,487 - INFO - Epoch 5 - VAL - Batch 230 - Loss = 0.323 | AUROC = 0.775
2025-01-02 01:40:19,533 - INFO - Epoch 5 - VAL - Batch 240 - Loss = 0.242 | AUROC = 0.806
2025-01-02 01:40:20,500 - INFO - Epoch 5 - VAL - Batch 250 - Loss = 0.303 | AUROC = 0.727
2025-01-02 01:40:21,400 - INFO - TRAIN phase
2025-01-02 01:40:21,753 - INFO - Epoch 6 - TRAIN - Batch 0 - Loss = 0.287 | AUROC = 0.774
2025-01-02 01:40:25,280 - INFO - Epoch 6 - TRAIN - Batch 10 - Loss = 0.282 | AUROC = 0.802
2025-01-02 01:40:28,785 - INFO - Epoch 6 - TRAIN - Batch 20 - Loss = 0.262 | AUROC = 0.7
2025-01-02 01:40:32,273 - INFO - Epoch 6 - TRAIN - Batch 30 - Loss = 0.272 | AUROC = 0.78
2025-01-02 01:40:35,752 - INFO - Epoch 6 - TRAIN - Batch 40 - Loss = 0.263 | AUROC = 0.727
2025-01-02 01:40:39,226 - INFO - Epoch 6 - TRAIN - Batch 50 - Loss = 0.241 | AUROC = 0.772
2025-01-02 01:40:42,708 - INFO - Epoch 6 - TRAIN - Batch 60 - Loss = 0.235 | AUROC = 0.799
2025-01-02 01:40:46,170 - INFO - Epoch 6 - TRAIN - Batch 70 - Loss = 0.269 | AUROC = 0.722
2025-01-02 01:40:49,638 - INFO - Epoch 6 - TRAIN - Batch 80 - Loss = 0.249 | AUROC = 0.727
2025-01-02 01:40:53,110 - INFO - Epoch 6 - TRAIN - Batch 90 - Loss = 0.261 | AUROC = 0.765
2025-01-02 01:40:56,607 - INFO - Epoch 6 - TRAIN - Batch 100 - Loss = 0.23 | AUROC = 0.819
2025-01-02 01:41:00,074 - INFO - Epoch 6 - TRAIN - Batch 110 - Loss = 0.292 | AUROC = 0.778
2025-01-02 01:41:03,560 - INFO - Epoch 6 - TRAIN - Batch 120 - Loss = 0.247 | AUROC = 0.802
2025-01-02 01:41:07,032 - INFO - Epoch 6 - TRAIN - Batch 130 - Loss = 0.278 | AUROC = 0.732
2025-01-02 01:41:10,509 - INFO - Epoch 6 - TRAIN - Batch 140 - Loss = 0.244 | AUROC = 0.725
2025-01-02 01:41:13,984 - INFO - Epoch 6 - TRAIN - Batch 150 - Loss = 0.282 | AUROC = 0.8
2025-01-02 01:41:17,475 - INFO - Epoch 6 - TRAIN - Batch 160 - Loss = 0.231 | AUROC = 0.777
2025-01-02 01:41:20,972 - INFO - Epoch 6 - TRAIN - Batch 170 - Loss = 0.246 | AUROC = 0.834
2025-01-02 01:41:24,448 - INFO - Epoch 6 - TRAIN - Batch 180 - Loss = 0.254 | AUROC = 0.842
2025-01-02 01:41:27,911 - INFO - Epoch 6 - TRAIN - Batch 190 - Loss = 0.248 | AUROC = 0.784
2025-01-02 01:41:31,407 - INFO - Epoch 6 - TRAIN - Batch 200 - Loss = 0.252 | AUROC = 0.795
2025-01-02 01:41:34,902 - INFO - Epoch 6 - TRAIN - Batch 210 - Loss = 0.254 | AUROC = 0.778
2025-01-02 01:41:38,362 - INFO - Epoch 6 - TRAIN - Batch 220 - Loss = 0.274 | AUROC = 0.765
2025-01-02 01:41:41,845 - INFO - Epoch 6 - TRAIN - Batch 230 - Loss = 0.246 | AUROC = 0.791
2025-01-02 01:41:45,330 - INFO - Epoch 6 - TRAIN - Batch 240 - Loss = 0.295 | AUROC = 0.79
2025-01-02 01:41:48,809 - INFO - Epoch 6 - TRAIN - Batch 250 - Loss = 0.266 | AUROC = 0.768
2025-01-02 01:41:52,301 - INFO - Epoch 6 - TRAIN - Batch 260 - Loss = 0.271 | AUROC = 0.783
2025-01-02 01:41:55,781 - INFO - Epoch 6 - TRAIN - Batch 270 - Loss = 0.277 | AUROC = 0.742
2025-01-02 01:41:59,260 - INFO - Epoch 6 - TRAIN - Batch 280 - Loss = 0.267 | AUROC = 0.779
2025-01-02 01:42:02,731 - INFO - Epoch 6 - TRAIN - Batch 290 - Loss = 0.263 | AUROC = 0.763
2025-01-02 01:42:06,210 - INFO - Epoch 6 - TRAIN - Batch 300 - Loss = 0.26 | AUROC = 0.826
2025-01-02 01:42:09,704 - INFO - Epoch 6 - TRAIN - Batch 310 - Loss = 0.267 | AUROC = 0.754
2025-01-02 01:42:13,186 - INFO - Epoch 6 - TRAIN - Batch 320 - Loss = 0.248 | AUROC = 0.74
2025-01-02 01:42:16,651 - INFO - Epoch 6 - TRAIN - Batch 330 - Loss = 0.275 | AUROC = 0.788
2025-01-02 01:42:20,119 - INFO - Epoch 6 - TRAIN - Batch 340 - Loss = 0.283 | AUROC = 0.725
2025-01-02 01:42:23,584 - INFO - Epoch 6 - TRAIN - Batch 350 - Loss = 0.267 | AUROC = 0.738
2025-01-02 01:42:27,053 - INFO - Epoch 6 - TRAIN - Batch 360 - Loss = 0.229 | AUROC = 0.765
2025-01-02 01:42:30,532 - INFO - Epoch 6 - TRAIN - Batch 370 - Loss = 0.265 | AUROC = 0.779
2025-01-02 01:42:34,010 - INFO - Epoch 6 - TRAIN - Batch 380 - Loss = 0.263 | AUROC = 0.796
2025-01-02 01:42:37,506 - INFO - Epoch 6 - TRAIN - Batch 390 - Loss = 0.254 | AUROC = 0.828
2025-01-02 01:42:40,985 - INFO - Epoch 6 - TRAIN - Batch 400 - Loss = 0.277 | AUROC = 0.74
2025-01-02 01:42:44,459 - INFO - Epoch 6 - TRAIN - Batch 410 - Loss = 0.263 | AUROC = 0.757
2025-01-02 01:42:47,951 - INFO - Epoch 6 - TRAIN - Batch 420 - Loss = 0.268 | AUROC = 0.765
2025-01-02 01:42:51,472 - INFO - Epoch 6 - TRAIN - Batch 430 - Loss = 0.279 | AUROC = 0.774
2025-01-02 01:42:54,999 - INFO - Epoch 6 - TRAIN - Batch 440 - Loss = 0.244 | AUROC = 0.756
2025-01-02 01:42:58,515 - INFO - Epoch 6 - TRAIN - Batch 450 - Loss = 0.247 | AUROC = 0.756
2025-01-02 01:43:02,022 - INFO - Epoch 6 - TRAIN - Batch 460 - Loss = 0.272 | AUROC = 0.787
2025-01-02 01:43:05,503 - INFO - Epoch 6 - TRAIN - Batch 470 - Loss = 0.307 | AUROC = 0.722
2025-01-02 01:43:08,969 - INFO - Epoch 6 - TRAIN - Batch 480 - Loss = 0.267 | AUROC = 0.735
2025-01-02 01:43:12,454 - INFO - Epoch 6 - TRAIN - Batch 490 - Loss = 0.288 | AUROC = 0.75
2025-01-02 01:43:15,939 - INFO - Epoch 6 - TRAIN - Batch 500 - Loss = 0.274 | AUROC = 0.726
2025-01-02 01:43:19,428 - INFO - Epoch 6 - TRAIN - Batch 510 - Loss = 0.217 | AUROC = 0.827
2025-01-02 01:43:21,604 - INFO - VAL phase
2025-01-02 01:43:21,708 - INFO - Epoch 6 - VAL - Batch 0 - Loss = 0.239 | AUROC = 0.855
2025-01-02 01:43:22,742 - INFO - Epoch 6 - VAL - Batch 10 - Loss = 0.285 | AUROC = 0.785
2025-01-02 01:43:23,758 - INFO - Epoch 6 - VAL - Batch 20 - Loss = 0.29 | AUROC = 0.695
2025-01-02 01:43:24,804 - INFO - Epoch 6 - VAL - Batch 30 - Loss = 0.235 | AUROC = 0.774
2025-01-02 01:43:25,809 - INFO - Epoch 6 - VAL - Batch 40 - Loss = 0.217 | AUROC = 0.798
2025-01-02 01:43:26,882 - INFO - Epoch 6 - VAL - Batch 50 - Loss = 0.291 | AUROC = 0.71
2025-01-02 01:43:27,885 - INFO - Epoch 6 - VAL - Batch 60 - Loss = 0.255 | AUROC = 0.804
2025-01-02 01:43:29,006 - INFO - Epoch 6 - VAL - Batch 70 - Loss = 0.272 | AUROC = 0.77
2025-01-02 01:43:30,015 - INFO - Epoch 6 - VAL - Batch 80 - Loss = 0.252 | AUROC = 0.825
2025-01-02 01:43:31,092 - INFO - Epoch 6 - VAL - Batch 90 - Loss = 0.284 | AUROC = 0.731
2025-01-02 01:43:32,073 - INFO - Epoch 6 - VAL - Batch 100 - Loss = 0.257 | AUROC = 0.77
2025-01-02 01:43:33,094 - INFO - Epoch 6 - VAL - Batch 110 - Loss = 0.297 | AUROC = 0.747
2025-01-02 01:43:34,076 - INFO - Epoch 6 - VAL - Batch 120 - Loss = 0.285 | AUROC = 0.779
2025-01-02 01:43:35,118 - INFO - Epoch 6 - VAL - Batch 130 - Loss = 0.264 | AUROC = 0.785
2025-01-02 01:43:36,113 - INFO - Epoch 6 - VAL - Batch 140 - Loss = 0.283 | AUROC = 0.74
2025-01-02 01:43:37,169 - INFO - Epoch 6 - VAL - Batch 150 - Loss = 0.28 | AUROC = 0.674
2025-01-02 01:43:38,160 - INFO - Epoch 6 - VAL - Batch 160 - Loss = 0.244 | AUROC = 0.787
2025-01-02 01:43:39,183 - INFO - Epoch 6 - VAL - Batch 170 - Loss = 0.25 | AUROC = 0.77
2025-01-02 01:43:40,176 - INFO - Epoch 6 - VAL - Batch 180 - Loss = 0.321 | AUROC = 0.755
2025-01-02 01:43:41,188 - INFO - Epoch 6 - VAL - Batch 190 - Loss = 0.301 | AUROC = 0.768
2025-01-02 01:43:42,198 - INFO - Epoch 6 - VAL - Batch 200 - Loss = 0.266 | AUROC = 0.759
2025-01-02 01:43:43,207 - INFO - Epoch 6 - VAL - Batch 210 - Loss = 0.256 | AUROC = 0.78
2025-01-02 01:43:44,230 - INFO - Epoch 6 - VAL - Batch 220 - Loss = 0.307 | AUROC = 0.687
2025-01-02 01:43:45,312 - INFO - Epoch 6 - VAL - Batch 230 - Loss = 0.307 | AUROC = 0.74
2025-01-02 01:43:46,303 - INFO - Epoch 6 - VAL - Batch 240 - Loss = 0.256 | AUROC = 0.79
2025-01-02 01:43:47,304 - INFO - Epoch 6 - VAL - Batch 250 - Loss = 0.316 | AUROC = 0.713
2025-01-02 01:43:48,136 - INFO - TRAIN phase
2025-01-02 01:43:48,488 - INFO - Epoch 7 - TRAIN - Batch 0 - Loss = 0.276 | AUROC = 0.826
2025-01-02 01:43:52,082 - INFO - Epoch 7 - TRAIN - Batch 10 - Loss = 0.273 | AUROC = 0.746
2025-01-02 01:43:55,611 - INFO - Epoch 7 - TRAIN - Batch 20 - Loss = 0.241 | AUROC = 0.783
2025-01-02 01:43:59,128 - INFO - Epoch 7 - TRAIN - Batch 30 - Loss = 0.238 | AUROC = 0.833
2025-01-02 01:44:02,620 - INFO - Epoch 7 - TRAIN - Batch 40 - Loss = 0.271 | AUROC = 0.773
2025-01-02 01:44:06,104 - INFO - Epoch 7 - TRAIN - Batch 50 - Loss = 0.277 | AUROC = 0.818
2025-01-02 01:44:09,589 - INFO - Epoch 7 - TRAIN - Batch 60 - Loss = 0.269 | AUROC = 0.702
2025-01-02 01:44:13,084 - INFO - Epoch 7 - TRAIN - Batch 70 - Loss = 0.285 | AUROC = 0.76
2025-01-02 01:44:16,572 - INFO - Epoch 7 - TRAIN - Batch 80 - Loss = 0.258 | AUROC = 0.828
2025-01-02 01:44:20,044 - INFO - Epoch 7 - TRAIN - Batch 90 - Loss = 0.242 | AUROC = 0.828
2025-01-02 01:44:23,527 - INFO - Epoch 7 - TRAIN - Batch 100 - Loss = 0.244 | AUROC = 0.823
2025-01-02 01:44:27,008 - INFO - Epoch 7 - TRAIN - Batch 110 - Loss = 0.274 | AUROC = 0.78
2025-01-02 01:44:30,487 - INFO - Epoch 7 - TRAIN - Batch 120 - Loss = 0.246 | AUROC = 0.815
2025-01-02 01:44:33,966 - INFO - Epoch 7 - TRAIN - Batch 130 - Loss = 0.256 | AUROC = 0.814
2025-01-02 01:44:37,443 - INFO - Epoch 7 - TRAIN - Batch 140 - Loss = 0.267 | AUROC = 0.754
2025-01-02 01:44:40,920 - INFO - Epoch 7 - TRAIN - Batch 150 - Loss = 0.224 | AUROC = 0.812
2025-01-02 01:44:44,385 - INFO - Epoch 7 - TRAIN - Batch 160 - Loss = 0.261 | AUROC = 0.801
2025-01-02 01:44:47,999 - INFO - Epoch 7 - TRAIN - Batch 170 - Loss = 0.262 | AUROC = 0.73
2025-01-02 01:44:51,615 - INFO - Epoch 7 - TRAIN - Batch 180 - Loss = 0.242 | AUROC = 0.756
2025-01-02 01:44:55,143 - INFO - Epoch 7 - TRAIN - Batch 190 - Loss = 0.259 | AUROC = 0.777
2025-01-02 01:44:58,676 - INFO - Epoch 7 - TRAIN - Batch 200 - Loss = 0.236 | AUROC = 0.814
2025-01-02 01:45:02,204 - INFO - Epoch 7 - TRAIN - Batch 210 - Loss = 0.261 | AUROC = 0.765
2025-01-02 01:45:05,727 - INFO - Epoch 7 - TRAIN - Batch 220 - Loss = 0.264 | AUROC = 0.74
2025-01-02 01:45:09,204 - INFO - Epoch 7 - TRAIN - Batch 230 - Loss = 0.242 | AUROC = 0.836
2025-01-02 01:45:12,678 - INFO - Epoch 7 - TRAIN - Batch 240 - Loss = 0.293 | AUROC = 0.776
2025-01-02 01:45:16,158 - INFO - Epoch 7 - TRAIN - Batch 250 - Loss = 0.298 | AUROC = 0.747
2025-01-02 01:45:19,634 - INFO - Epoch 7 - TRAIN - Batch 260 - Loss = 0.291 | AUROC = 0.713
2025-01-02 01:45:23,132 - INFO - Epoch 7 - TRAIN - Batch 270 - Loss = 0.249 | AUROC = 0.799
2025-01-02 01:45:26,619 - INFO - Epoch 7 - TRAIN - Batch 280 - Loss = 0.27 | AUROC = 0.792
2025-01-02 01:45:30,108 - INFO - Epoch 7 - TRAIN - Batch 290 - Loss = 0.254 | AUROC = 0.711
2025-01-02 01:45:33,604 - INFO - Epoch 7 - TRAIN - Batch 300 - Loss = 0.245 | AUROC = 0.83
2025-01-02 01:45:37,083 - INFO - Epoch 7 - TRAIN - Batch 310 - Loss = 0.239 | AUROC = 0.784
2025-01-02 01:45:40,569 - INFO - Epoch 7 - TRAIN - Batch 320 - Loss = 0.263 | AUROC = 0.734
2025-01-02 01:45:44,059 - INFO - Epoch 7 - TRAIN - Batch 330 - Loss = 0.235 | AUROC = 0.779
2025-01-02 01:45:47,540 - INFO - Epoch 7 - TRAIN - Batch 340 - Loss = 0.29 | AUROC = 0.745
2025-01-02 01:45:51,023 - INFO - Epoch 7 - TRAIN - Batch 350 - Loss = 0.271 | AUROC = 0.795
2025-01-02 01:45:54,527 - INFO - Epoch 7 - TRAIN - Batch 360 - Loss = 0.251 | AUROC = 0.818
2025-01-02 01:45:58,066 - INFO - Epoch 7 - TRAIN - Batch 370 - Loss = 0.278 | AUROC = 0.737
2025-01-02 01:46:01,556 - INFO - Epoch 7 - TRAIN - Batch 380 - Loss = 0.258 | AUROC = 0.789
2025-01-02 01:46:05,042 - INFO - Epoch 7 - TRAIN - Batch 390 - Loss = 0.23 | AUROC = 0.779
2025-01-02 01:46:08,502 - INFO - Epoch 7 - TRAIN - Batch 400 - Loss = 0.291 | AUROC = 0.735
2025-01-02 01:46:11,994 - INFO - Epoch 7 - TRAIN - Batch 410 - Loss = 0.256 | AUROC = 0.765
2025-01-02 01:46:15,473 - INFO - Epoch 7 - TRAIN - Batch 420 - Loss = 0.27 | AUROC = 0.814
2025-01-02 01:46:18,959 - INFO - Epoch 7 - TRAIN - Batch 430 - Loss = 0.284 | AUROC = 0.71
2025-01-02 01:46:22,440 - INFO - Epoch 7 - TRAIN - Batch 440 - Loss = 0.261 | AUROC = 0.805
2025-01-02 01:46:25,925 - INFO - Epoch 7 - TRAIN - Batch 450 - Loss = 0.233 | AUROC = 0.791
2025-01-02 01:46:29,423 - INFO - Epoch 7 - TRAIN - Batch 460 - Loss = 0.248 | AUROC = 0.761
2025-01-02 01:46:32,903 - INFO - Epoch 7 - TRAIN - Batch 470 - Loss = 0.264 | AUROC = 0.823
2025-01-02 01:46:36,391 - INFO - Epoch 7 - TRAIN - Batch 480 - Loss = 0.238 | AUROC = 0.807
2025-01-02 01:46:39,879 - INFO - Epoch 7 - TRAIN - Batch 490 - Loss = 0.233 | AUROC = 0.832
2025-01-02 01:46:43,371 - INFO - Epoch 7 - TRAIN - Batch 500 - Loss = 0.257 | AUROC = 0.666
2025-01-02 01:46:46,841 - INFO - Epoch 7 - TRAIN - Batch 510 - Loss = 0.237 | AUROC = 0.761
2025-01-02 01:46:48,983 - INFO - VAL phase
2025-01-02 01:46:49,097 - INFO - Epoch 7 - VAL - Batch 0 - Loss = 0.241 | AUROC = 0.833
2025-01-02 01:46:50,082 - INFO - Epoch 7 - VAL - Batch 10 - Loss = 0.286 | AUROC = 0.788
2025-01-02 01:46:51,068 - INFO - Epoch 7 - VAL - Batch 20 - Loss = 0.277 | AUROC = 0.691
2025-01-02 01:46:52,067 - INFO - Epoch 7 - VAL - Batch 30 - Loss = 0.239 | AUROC = 0.831
2025-01-02 01:46:53,083 - INFO - Epoch 7 - VAL - Batch 40 - Loss = 0.227 | AUROC = 0.784
2025-01-02 01:46:54,163 - INFO - Epoch 7 - VAL - Batch 50 - Loss = 0.305 | AUROC = 0.711
2025-01-02 01:46:55,240 - INFO - Epoch 7 - VAL - Batch 60 - Loss = 0.236 | AUROC = 0.783
2025-01-02 01:46:56,214 - INFO - Epoch 7 - VAL - Batch 70 - Loss = 0.282 | AUROC = 0.745
2025-01-02 01:46:57,251 - INFO - Epoch 7 - VAL - Batch 80 - Loss = 0.263 | AUROC = 0.827
2025-01-02 01:46:58,219 - INFO - Epoch 7 - VAL - Batch 90 - Loss = 0.281 | AUROC = 0.748
2025-01-02 01:46:59,281 - INFO - Epoch 7 - VAL - Batch 100 - Loss = 0.282 | AUROC = 0.794
2025-01-02 01:47:00,286 - INFO - Epoch 7 - VAL - Batch 110 - Loss = 0.297 | AUROC = 0.767
2025-01-02 01:47:01,335 - INFO - Epoch 7 - VAL - Batch 120 - Loss = 0.269 | AUROC = 0.77
2025-01-02 01:47:02,329 - INFO - Epoch 7 - VAL - Batch 130 - Loss = 0.268 | AUROC = 0.763
2025-01-02 01:47:03,365 - INFO - Epoch 7 - VAL - Batch 140 - Loss = 0.284 | AUROC = 0.713
2025-01-02 01:47:04,353 - INFO - Epoch 7 - VAL - Batch 150 - Loss = 0.289 | AUROC = 0.672
2025-01-02 01:47:05,452 - INFO - Epoch 7 - VAL - Batch 160 - Loss = 0.265 | AUROC = 0.747
2025-01-02 01:47:06,426 - INFO - Epoch 7 - VAL - Batch 170 - Loss = 0.282 | AUROC = 0.738
2025-01-02 01:47:07,455 - INFO - Epoch 7 - VAL - Batch 180 - Loss = 0.295 | AUROC = 0.796
2025-01-02 01:47:08,444 - INFO - Epoch 7 - VAL - Batch 190 - Loss = 0.315 | AUROC = 0.808
2025-01-02 01:47:09,511 - INFO - Epoch 7 - VAL - Batch 200 - Loss = 0.287 | AUROC = 0.74
2025-01-02 01:47:10,505 - INFO - Epoch 7 - VAL - Batch 210 - Loss = 0.271 | AUROC = 0.752
2025-01-02 01:47:11,480 - INFO - Epoch 7 - VAL - Batch 220 - Loss = 0.318 | AUROC = 0.674
2025-01-02 01:47:12,519 - INFO - Epoch 7 - VAL - Batch 230 - Loss = 0.305 | AUROC = 0.745
2025-01-02 01:47:13,497 - INFO - Epoch 7 - VAL - Batch 240 - Loss = 0.261 | AUROC = 0.736
2025-01-02 01:47:14,504 - INFO - Epoch 7 - VAL - Batch 250 - Loss = 0.312 | AUROC = 0.654
2025-01-02 01:47:15,244 - INFO - TRAIN phase
2025-01-02 01:47:15,597 - INFO - Epoch 8 - TRAIN - Batch 0 - Loss = 0.274 | AUROC = 0.728
2025-01-02 01:47:19,136 - INFO - Epoch 8 - TRAIN - Batch 10 - Loss = 0.258 | AUROC = 0.785
2025-01-02 01:47:22,686 - INFO - Epoch 8 - TRAIN - Batch 20 - Loss = 0.256 | AUROC = 0.813
2025-01-02 01:47:26,204 - INFO - Epoch 8 - TRAIN - Batch 30 - Loss = 0.268 | AUROC = 0.771
2025-01-02 01:47:29,700 - INFO - Epoch 8 - TRAIN - Batch 40 - Loss = 0.246 | AUROC = 0.832
2025-01-02 01:47:33,194 - INFO - Epoch 8 - TRAIN - Batch 50 - Loss = 0.226 | AUROC = 0.827
2025-01-02 01:47:36,693 - INFO - Epoch 8 - TRAIN - Batch 60 - Loss = 0.313 | AUROC = 0.704
2025-01-02 01:47:40,179 - INFO - Epoch 8 - TRAIN - Batch 70 - Loss = 0.245 | AUROC = 0.824
2025-01-02 01:47:43,680 - INFO - Epoch 8 - TRAIN - Batch 80 - Loss = 0.235 | AUROC = 0.826
2025-01-02 01:47:47,142 - INFO - Epoch 8 - TRAIN - Batch 90 - Loss = 0.208 | AUROC = 0.779
2025-01-02 01:47:50,653 - INFO - Epoch 8 - TRAIN - Batch 100 - Loss = 0.241 | AUROC = 0.804
2025-01-02 01:47:54,142 - INFO - Epoch 8 - TRAIN - Batch 110 - Loss = 0.291 | AUROC = 0.764
2025-01-02 01:47:57,627 - INFO - Epoch 8 - TRAIN - Batch 120 - Loss = 0.263 | AUROC = 0.784
2025-01-02 01:48:01,106 - INFO - Epoch 8 - TRAIN - Batch 130 - Loss = 0.236 | AUROC = 0.776
2025-01-02 01:48:04,599 - INFO - Epoch 8 - TRAIN - Batch 140 - Loss = 0.277 | AUROC = 0.729
2025-01-02 01:48:08,103 - INFO - Epoch 8 - TRAIN - Batch 150 - Loss = 0.247 | AUROC = 0.792
2025-01-02 01:48:11,593 - INFO - Epoch 8 - TRAIN - Batch 160 - Loss = 0.277 | AUROC = 0.76
2025-01-02 01:48:15,071 - INFO - Epoch 8 - TRAIN - Batch 170 - Loss = 0.255 | AUROC = 0.745
2025-01-02 01:48:18,543 - INFO - Epoch 8 - TRAIN - Batch 180 - Loss = 0.264 | AUROC = 0.778
2025-01-02 01:48:22,028 - INFO - Epoch 8 - TRAIN - Batch 190 - Loss = 0.285 | AUROC = 0.757
2025-01-02 01:48:25,501 - INFO - Epoch 8 - TRAIN - Batch 200 - Loss = 0.213 | AUROC = 0.833
2025-01-02 01:48:28,983 - INFO - Epoch 8 - TRAIN - Batch 210 - Loss = 0.242 | AUROC = 0.774
2025-01-02 01:48:32,447 - INFO - Epoch 8 - TRAIN - Batch 220 - Loss = 0.272 | AUROC = 0.771
2025-01-02 01:48:35,927 - INFO - Epoch 8 - TRAIN - Batch 230 - Loss = 0.244 | AUROC = 0.796
2025-01-02 01:48:39,418 - INFO - Epoch 8 - TRAIN - Batch 240 - Loss = 0.235 | AUROC = 0.827
2025-01-02 01:48:42,902 - INFO - Epoch 8 - TRAIN - Batch 250 - Loss = 0.254 | AUROC = 0.77
2025-01-02 01:48:46,399 - INFO - Epoch 8 - TRAIN - Batch 260 - Loss = 0.252 | AUROC = 0.779
2025-01-02 01:48:49,890 - INFO - Epoch 8 - TRAIN - Batch 270 - Loss = 0.256 | AUROC = 0.752
2025-01-02 01:48:53,358 - INFO - Epoch 8 - TRAIN - Batch 280 - Loss = 0.261 | AUROC = 0.728
2025-01-02 01:48:56,837 - INFO - Epoch 8 - TRAIN - Batch 290 - Loss = 0.257 | AUROC = 0.723
2025-01-02 01:49:00,323 - INFO - Epoch 8 - TRAIN - Batch 300 - Loss = 0.251 | AUROC = 0.757
2025-01-02 01:49:03,802 - INFO - Epoch 8 - TRAIN - Batch 310 - Loss = 0.239 | AUROC = 0.719
2025-01-02 01:49:07,298 - INFO - Epoch 8 - TRAIN - Batch 320 - Loss = 0.259 | AUROC = 0.801
2025-01-02 01:49:10,781 - INFO - Epoch 8 - TRAIN - Batch 330 - Loss = 0.291 | AUROC = 0.762
2025-01-02 01:49:14,303 - INFO - Epoch 8 - TRAIN - Batch 340 - Loss = 0.24 | AUROC = 0.778
2025-01-02 01:49:17,824 - INFO - Epoch 8 - TRAIN - Batch 350 - Loss = 0.242 | AUROC = 0.847
2025-01-02 01:49:21,303 - INFO - Epoch 8 - TRAIN - Batch 360 - Loss = 0.228 | AUROC = 0.814
2025-01-02 01:49:24,782 - INFO - Epoch 8 - TRAIN - Batch 370 - Loss = 0.243 | AUROC = 0.789
2025-01-02 01:49:28,284 - INFO - Epoch 8 - TRAIN - Batch 380 - Loss = 0.253 | AUROC = 0.794
2025-01-02 01:49:31,764 - INFO - Epoch 8 - TRAIN - Batch 390 - Loss = 0.271 | AUROC = 0.719
2025-01-02 01:49:35,257 - INFO - Epoch 8 - TRAIN - Batch 400 - Loss = 0.295 | AUROC = 0.749
2025-01-02 01:49:38,744 - INFO - Epoch 8 - TRAIN - Batch 410 - Loss = 0.231 | AUROC = 0.84
2025-01-02 01:49:42,223 - INFO - Epoch 8 - TRAIN - Batch 420 - Loss = 0.261 | AUROC = 0.732
2025-01-02 01:49:45,716 - INFO - Epoch 8 - TRAIN - Batch 430 - Loss = 0.25 | AUROC = 0.768
2025-01-02 01:49:49,204 - INFO - Epoch 8 - TRAIN - Batch 440 - Loss = 0.248 | AUROC = 0.791
2025-01-02 01:49:52,686 - INFO - Epoch 8 - TRAIN - Batch 450 - Loss = 0.278 | AUROC = 0.75
2025-01-02 01:49:56,174 - INFO - Epoch 8 - TRAIN - Batch 460 - Loss = 0.25 | AUROC = 0.783
2025-01-02 01:49:59,643 - INFO - Epoch 8 - TRAIN - Batch 470 - Loss = 0.289 | AUROC = 0.779
2025-01-02 01:50:03,111 - INFO - Epoch 8 - TRAIN - Batch 480 - Loss = 0.23 | AUROC = 0.778
2025-01-02 01:50:06,598 - INFO - Epoch 8 - TRAIN - Batch 490 - Loss = 0.283 | AUROC = 0.748
2025-01-02 01:50:10,094 - INFO - Epoch 8 - TRAIN - Batch 500 - Loss = 0.274 | AUROC = 0.777
2025-01-02 01:50:13,580 - INFO - Epoch 8 - TRAIN - Batch 510 - Loss = 0.264 | AUROC = 0.779
2025-01-02 01:50:15,734 - INFO - VAL phase
2025-01-02 01:50:15,826 - INFO - Epoch 8 - VAL - Batch 0 - Loss = 0.23 | AUROC = 0.821
2025-01-02 01:50:16,810 - INFO - Epoch 8 - VAL - Batch 10 - Loss = 0.292 | AUROC = 0.74
2025-01-02 01:50:17,809 - INFO - Epoch 8 - VAL - Batch 20 - Loss = 0.287 | AUROC = 0.683
2025-01-02 01:50:18,845 - INFO - Epoch 8 - VAL - Batch 30 - Loss = 0.243 | AUROC = 0.818
2025-01-02 01:50:19,876 - INFO - Epoch 8 - VAL - Batch 40 - Loss = 0.228 | AUROC = 0.781
2025-01-02 01:50:20,935 - INFO - Epoch 8 - VAL - Batch 50 - Loss = 0.299 | AUROC = 0.718
2025-01-02 01:50:22,083 - INFO - Epoch 8 - VAL - Batch 60 - Loss = 0.231 | AUROC = 0.817
2025-01-02 01:50:23,089 - INFO - Epoch 8 - VAL - Batch 70 - Loss = 0.277 | AUROC = 0.757
2025-01-02 01:50:24,113 - INFO - Epoch 8 - VAL - Batch 80 - Loss = 0.266 | AUROC = 0.826
2025-01-02 01:50:25,122 - INFO - Epoch 8 - VAL - Batch 90 - Loss = 0.268 | AUROC = 0.756
2025-01-02 01:50:26,124 - INFO - Epoch 8 - VAL - Batch 100 - Loss = 0.254 | AUROC = 0.804
2025-01-02 01:50:27,105 - INFO - Epoch 8 - VAL - Batch 110 - Loss = 0.296 | AUROC = 0.768
2025-01-02 01:50:28,180 - INFO - Epoch 8 - VAL - Batch 120 - Loss = 0.263 | AUROC = 0.813
2025-01-02 01:50:29,141 - INFO - Epoch 8 - VAL - Batch 130 - Loss = 0.276 | AUROC = 0.762
2025-01-02 01:50:30,156 - INFO - Epoch 8 - VAL - Batch 140 - Loss = 0.287 | AUROC = 0.688
2025-01-02 01:50:31,121 - INFO - Epoch 8 - VAL - Batch 150 - Loss = 0.282 | AUROC = 0.695
2025-01-02 01:50:32,155 - INFO - Epoch 8 - VAL - Batch 160 - Loss = 0.249 | AUROC = 0.797
2025-01-02 01:50:33,124 - INFO - Epoch 8 - VAL - Batch 170 - Loss = 0.266 | AUROC = 0.761
2025-01-02 01:50:34,142 - INFO - Epoch 8 - VAL - Batch 180 - Loss = 0.309 | AUROC = 0.789
2025-01-02 01:50:35,160 - INFO - Epoch 8 - VAL - Batch 190 - Loss = 0.328 | AUROC = 0.764
2025-01-02 01:50:36,123 - INFO - Epoch 8 - VAL - Batch 200 - Loss = 0.273 | AUROC = 0.737
2025-01-02 01:50:37,154 - INFO - Epoch 8 - VAL - Batch 210 - Loss = 0.263 | AUROC = 0.757
2025-01-02 01:50:38,121 - INFO - Epoch 8 - VAL - Batch 220 - Loss = 0.313 | AUROC = 0.676
2025-01-02 01:50:39,160 - INFO - Epoch 8 - VAL - Batch 230 - Loss = 0.3 | AUROC = 0.73
2025-01-02 01:50:40,118 - INFO - Epoch 8 - VAL - Batch 240 - Loss = 0.257 | AUROC = 0.731
2025-01-02 01:50:41,145 - INFO - Epoch 8 - VAL - Batch 250 - Loss = 0.315 | AUROC = 0.734
2025-01-02 01:50:42,025 - INFO - TRAIN phase
2025-01-02 01:50:42,380 - INFO - Epoch 9 - TRAIN - Batch 0 - Loss = 0.245 | AUROC = 0.788
2025-01-02 01:50:45,924 - INFO - Epoch 9 - TRAIN - Batch 10 - Loss = 0.24 | AUROC = 0.817
2025-01-02 01:50:49,469 - INFO - Epoch 9 - TRAIN - Batch 20 - Loss = 0.277 | AUROC = 0.747
2025-01-02 01:50:52,982 - INFO - Epoch 9 - TRAIN - Batch 30 - Loss = 0.246 | AUROC = 0.771
2025-01-02 01:50:56,458 - INFO - Epoch 9 - TRAIN - Batch 40 - Loss = 0.23 | AUROC = 0.813
2025-01-02 01:50:59,961 - INFO - Epoch 9 - TRAIN - Batch 50 - Loss = 0.244 | AUROC = 0.767
2025-01-02 01:51:03,427 - INFO - Epoch 9 - TRAIN - Batch 60 - Loss = 0.261 | AUROC = 0.747
2025-01-02 01:51:06,906 - INFO - Epoch 9 - TRAIN - Batch 70 - Loss = 0.257 | AUROC = 0.769
2025-01-02 01:51:10,403 - INFO - Epoch 9 - TRAIN - Batch 80 - Loss = 0.263 | AUROC = 0.737
2025-01-02 01:51:13,882 - INFO - Epoch 9 - TRAIN - Batch 90 - Loss = 0.285 | AUROC = 0.724
2025-01-02 01:51:17,361 - INFO - Epoch 9 - TRAIN - Batch 100 - Loss = 0.277 | AUROC = 0.77
2025-01-02 01:51:20,846 - INFO - Epoch 9 - TRAIN - Batch 110 - Loss = 0.25 | AUROC = 0.781
2025-01-02 01:51:24,362 - INFO - Epoch 9 - TRAIN - Batch 120 - Loss = 0.258 | AUROC = 0.748
2025-01-02 01:51:27,872 - INFO - Epoch 9 - TRAIN - Batch 130 - Loss = 0.234 | AUROC = 0.741
2025-01-02 01:51:31,362 - INFO - Epoch 9 - TRAIN - Batch 140 - Loss = 0.256 | AUROC = 0.792
2025-01-02 01:51:34,843 - INFO - Epoch 9 - TRAIN - Batch 150 - Loss = 0.251 | AUROC = 0.668
2025-01-02 01:51:38,340 - INFO - Epoch 9 - TRAIN - Batch 160 - Loss = 0.274 | AUROC = 0.773
2025-01-02 01:51:41,823 - INFO - Epoch 9 - TRAIN - Batch 170 - Loss = 0.272 | AUROC = 0.768
2025-01-02 01:51:45,332 - INFO - Epoch 9 - TRAIN - Batch 180 - Loss = 0.249 | AUROC = 0.732
2025-01-02 01:51:48,813 - INFO - Epoch 9 - TRAIN - Batch 190 - Loss = 0.25 | AUROC = 0.748
2025-01-02 01:51:52,302 - INFO - Epoch 9 - TRAIN - Batch 200 - Loss = 0.272 | AUROC = 0.766
2025-01-02 01:51:55,781 - INFO - Epoch 9 - TRAIN - Batch 210 - Loss = 0.242 | AUROC = 0.792
2025-01-02 01:51:59,275 - INFO - Epoch 9 - TRAIN - Batch 220 - Loss = 0.243 | AUROC = 0.724
2025-01-02 01:52:02,755 - INFO - Epoch 9 - TRAIN - Batch 230 - Loss = 0.255 | AUROC = 0.788
2025-01-02 01:52:06,242 - INFO - Epoch 9 - TRAIN - Batch 240 - Loss = 0.237 | AUROC = 0.817
2025-01-02 01:52:09,715 - INFO - Epoch 9 - TRAIN - Batch 250 - Loss = 0.244 | AUROC = 0.84
2025-01-02 01:52:13,202 - INFO - Epoch 9 - TRAIN - Batch 260 - Loss = 0.253 | AUROC = 0.795
2025-01-02 01:52:16,678 - INFO - Epoch 9 - TRAIN - Batch 270 - Loss = 0.254 | AUROC = 0.842
2025-01-02 01:52:20,139 - INFO - Epoch 9 - TRAIN - Batch 280 - Loss = 0.24 | AUROC = 0.748
2025-01-02 01:52:23,703 - INFO - Epoch 9 - TRAIN - Batch 290 - Loss = 0.253 | AUROC = 0.792
2025-01-02 01:52:27,234 - INFO - Epoch 9 - TRAIN - Batch 300 - Loss = 0.249 | AUROC = 0.817
2025-01-02 01:52:30,746 - INFO - Epoch 9 - TRAIN - Batch 310 - Loss = 0.251 | AUROC = 0.755
2025-01-02 01:52:34,243 - INFO - Epoch 9 - TRAIN - Batch 320 - Loss = 0.273 | AUROC = 0.763
2025-01-02 01:52:37,737 - INFO - Epoch 9 - TRAIN - Batch 330 - Loss = 0.262 | AUROC = 0.794
2025-01-02 01:52:41,225 - INFO - Epoch 9 - TRAIN - Batch 340 - Loss = 0.246 | AUROC = 0.787
2025-01-02 01:52:44,736 - INFO - Epoch 9 - TRAIN - Batch 350 - Loss = 0.235 | AUROC = 0.803
2025-01-02 01:52:48,225 - INFO - Epoch 9 - TRAIN - Batch 360 - Loss = 0.226 | AUROC = 0.81
2025-01-02 01:52:51,718 - INFO - Epoch 9 - TRAIN - Batch 370 - Loss = 0.228 | AUROC = 0.823
2025-01-02 01:52:55,224 - INFO - Epoch 9 - TRAIN - Batch 380 - Loss = 0.251 | AUROC = 0.797
2025-01-02 01:52:58,726 - INFO - Epoch 9 - TRAIN - Batch 390 - Loss = 0.228 | AUROC = 0.825
2025-01-02 01:53:02,201 - INFO - Epoch 9 - TRAIN - Batch 400 - Loss = 0.278 | AUROC = 0.757
2025-01-02 01:53:05,692 - INFO - Epoch 9 - TRAIN - Batch 410 - Loss = 0.253 | AUROC = 0.807
2025-01-02 01:53:09,174 - INFO - Epoch 9 - TRAIN - Batch 420 - Loss = 0.286 | AUROC = 0.789
2025-01-02 01:53:12,674 - INFO - Epoch 9 - TRAIN - Batch 430 - Loss = 0.278 | AUROC = 0.681
2025-01-02 01:53:16,141 - INFO - Epoch 9 - TRAIN - Batch 440 - Loss = 0.3 | AUROC = 0.711
2025-01-02 01:53:19,638 - INFO - Epoch 9 - TRAIN - Batch 450 - Loss = 0.244 | AUROC = 0.753
2025-01-02 01:53:23,130 - INFO - Epoch 9 - TRAIN - Batch 460 - Loss = 0.253 | AUROC = 0.795
2025-01-02 01:53:26,602 - INFO - Epoch 9 - TRAIN - Batch 470 - Loss = 0.263 | AUROC = 0.747
2025-01-02 01:53:30,095 - INFO - Epoch 9 - TRAIN - Batch 480 - Loss = 0.272 | AUROC = 0.773
2025-01-02 01:53:33,581 - INFO - Epoch 9 - TRAIN - Batch 490 - Loss = 0.241 | AUROC = 0.71
2025-01-02 01:53:37,081 - INFO - Epoch 9 - TRAIN - Batch 500 - Loss = 0.272 | AUROC = 0.788
2025-01-02 01:53:40,621 - INFO - Epoch 9 - TRAIN - Batch 510 - Loss = 0.288 | AUROC = 0.747
2025-01-02 01:53:42,799 - INFO - VAL phase
2025-01-02 01:53:42,903 - INFO - Epoch 9 - VAL - Batch 0 - Loss = 0.219 | AUROC = 0.909
2025-01-02 01:53:43,877 - INFO - Epoch 9 - VAL - Batch 10 - Loss = 0.273 | AUROC = 0.802
2025-01-02 01:53:44,861 - INFO - Epoch 9 - VAL - Batch 20 - Loss = 0.258 | AUROC = 0.714
2025-01-02 01:53:45,921 - INFO - Epoch 9 - VAL - Batch 30 - Loss = 0.248 | AUROC = 0.816
2025-01-02 01:53:46,885 - INFO - Epoch 9 - VAL - Batch 40 - Loss = 0.208 | AUROC = 0.836
2025-01-02 01:53:47,914 - INFO - Epoch 9 - VAL - Batch 50 - Loss = 0.276 | AUROC = 0.757
2025-01-02 01:53:48,904 - INFO - Epoch 9 - VAL - Batch 60 - Loss = 0.23 | AUROC = 0.818
2025-01-02 01:53:49,941 - INFO - Epoch 9 - VAL - Batch 70 - Loss = 0.257 | AUROC = 0.798
2025-01-02 01:53:50,940 - INFO - Epoch 9 - VAL - Batch 80 - Loss = 0.239 | AUROC = 0.847
2025-01-02 01:53:51,995 - INFO - Epoch 9 - VAL - Batch 90 - Loss = 0.269 | AUROC = 0.763
2025-01-02 01:53:52,995 - INFO - Epoch 9 - VAL - Batch 100 - Loss = 0.252 | AUROC = 0.801
2025-01-02 01:53:54,026 - INFO - Epoch 9 - VAL - Batch 110 - Loss = 0.285 | AUROC = 0.762
2025-01-02 01:53:55,020 - INFO - Epoch 9 - VAL - Batch 120 - Loss = 0.276 | AUROC = 0.754
2025-01-02 01:53:56,045 - INFO - Epoch 9 - VAL - Batch 130 - Loss = 0.258 | AUROC = 0.773
2025-01-02 01:53:57,034 - INFO - Epoch 9 - VAL - Batch 140 - Loss = 0.271 | AUROC = 0.728
2025-01-02 01:53:58,057 - INFO - Epoch 9 - VAL - Batch 150 - Loss = 0.267 | AUROC = 0.737
2025-01-02 01:53:59,041 - INFO - Epoch 9 - VAL - Batch 160 - Loss = 0.243 | AUROC = 0.786
2025-01-02 01:54:00,099 - INFO - Epoch 9 - VAL - Batch 170 - Loss = 0.267 | AUROC = 0.742
2025-01-02 01:54:01,122 - INFO - Epoch 9 - VAL - Batch 180 - Loss = 0.283 | AUROC = 0.816
2025-01-02 01:54:02,082 - INFO - Epoch 9 - VAL - Batch 190 - Loss = 0.289 | AUROC = 0.823
2025-01-02 01:54:03,101 - INFO - Epoch 9 - VAL - Batch 200 - Loss = 0.254 | AUROC = 0.798
2025-01-02 01:54:04,072 - INFO - Epoch 9 - VAL - Batch 210 - Loss = 0.259 | AUROC = 0.779
2025-01-02 01:54:05,125 - INFO - Epoch 9 - VAL - Batch 220 - Loss = 0.315 | AUROC = 0.677
2025-01-02 01:54:06,100 - INFO - Epoch 9 - VAL - Batch 230 - Loss = 0.292 | AUROC = 0.724
2025-01-02 01:54:07,113 - INFO - Epoch 9 - VAL - Batch 240 - Loss = 0.242 | AUROC = 0.758
2025-01-02 01:54:08,082 - INFO - Epoch 9 - VAL - Batch 250 - Loss = 0.282 | AUROC = 0.792
